start: s
accept: ac
reject: rj
blank: _
s _ -> ac _ ^
s ) -> rj _ ^
s ( -> z1 _ >
z0 ( -> z1 _ >
z1 ( -> z2 _ >
z2 ( -> z3 _ >
z3 ( -> z4 _ >
z4 ( -> z5 _ >
z5 ( -> z6 _ >
z6 ( -> z7 _ >
z7 ( -> z8 _ >
z8 ( -> z9 _ >
z9 ( -> z10 _ >
z10 ( -> z11 _ >
z11 ( -> z12 _ >
z12 ( -> z13 _ >
z13 ( -> z14 _ >
z14 ( -> z15 _ >
z15 ( -> z16 _ >
z16 ( -> z17 _ >
z17 ( -> z18 _ >
z18 ( -> z19 _ >
z19 ( -> z20 _ >
z20 ( -> z21 _ >
z21 ( -> z22 _ >
z22 ( -> z23 _ >
z23 ( -> z24 _ >
z24 ( -> z25 _ >
z25 ( -> z26 _ >
z26 ( -> z27 _ >
z27 ( -> z28 _ >
z28 ( -> z29 _ >
z29 ( -> z30 _ >
z30 ( -> z31 _ >
z31 ( -> z32 _ >
z32 ( -> z33 _ >
z33 ( -> z34 _ >
z34 ( -> z35 _ >
z35 ( -> z36 _ >
z36 ( -> z37 _ >
z37 ( -> z38 _ >
z38 ( -> z39 _ >
z39 ( -> z40 _ >
z40 ( -> z41 _ >
z41 ( -> z42 _ >
z42 ( -> z43 _ >
z43 ( -> z44 _ >
z44 ( -> z45 _ >
z45 ( -> z46 _ >
z46 ( -> z47 _ >
z47 ( -> z48 _ >
z48 ( -> z49 _ >
z49 ( -> z50 _ >
z50 ( -> z51 _ >
z51 ( -> z52 _ >
z52 ( -> z53 _ >
z53 ( -> z54 _ >
z54 ( -> z55 _ >
z55 ( -> z56 _ >
z56 ( -> z57 _ >
z57 ( -> z58 _ >
z58 ( -> z59 _ >
z59 ( -> z60 _ >
z60 ( -> z61 _ >
z61 ( -> z62 _ >
z62 ( -> z63 _ >
z63 ( -> z64 _ >
z64 ( -> z65 _ >
z65 ( -> z66 _ >
z66 ( -> z67 _ >
z67 ( -> z68 _ >
z68 ( -> z69 _ >
z69 ( -> z70 _ >
z70 ( -> z71 _ >
z71 ( -> z72 _ >
z72 ( -> z73 _ >
z73 ( -> z74 _ >
z74 ( -> z75 _ >
z75 ( -> z76 _ >
z76 ( -> z77 _ >
z77 ( -> z78 _ >
z78 ( -> z79 _ >
z79 ( -> z80 _ >
z80 ( -> z81 _ >
z81 ( -> z82 _ >
z82 ( -> z83 _ >
z83 ( -> z84 _ >
z84 ( -> z85 _ >
z85 ( -> z86 _ >
z86 ( -> z87 _ >
z87 ( -> z88 _ >
z88 ( -> z89 _ >
z89 ( -> z90 _ >
z90 ( -> z91 _ >
z91 ( -> z92 _ >
z92 ( -> z93 _ >
z93 ( -> z94 _ >
z94 ( -> z95 _ >
z95 ( -> z96 _ >
z96 ( -> z97 _ >
z97 ( -> z98 _ >
z98 ( -> z99 _ >
z99 ( -> z100 _ >
z100 ) -> z99 _ >
z100 _ -> rj _ ^
z99 ) -> z98 _ >
z99 _ -> rj _ ^
z98 ) -> z97 _ >
z98 _ -> rj _ ^
z97 ) -> z96 _ >
z97 _ -> rj _ ^
z96 ) -> z95 _ >
z96 _ -> rj _ ^
z95 ) -> z94 _ >
z95 _ -> rj _ ^
z94 ) -> z93 _ >
z94 _ -> rj _ ^
z93 ) -> z92 _ >
z93 _ -> rj _ ^
z92 ) -> z91 _ >
z92 _ -> rj _ ^
z91 ) -> z90 _ >
z91 _ -> rj _ ^
z90 ) -> z89 _ >
z90 _ -> rj _ ^
z89 ) -> z88 _ >
z89 _ -> rj _ ^
z88 ) -> z87 _ >
z88 _ -> rj _ ^
z87 ) -> z86 _ >
z87 _ -> rj _ ^
z86 ) -> z85 _ >
z86 _ -> rj _ ^
z85 ) -> z84 _ >
z85 _ -> rj _ ^
z84 ) -> z83 _ >
z84 _ -> rj _ ^
z83 ) -> z82 _ >
z83 _ -> rj _ ^
z82 ) -> z81 _ >
z82 _ -> rj _ ^
z81 ) -> z80 _ >
z81 _ -> rj _ ^
z80 ) -> z79 _ >
z80 _ -> rj _ ^
z79 ) -> z78 _ >
z79 _ -> rj _ ^
z78 ) -> z77 _ >
z78 _ -> rj _ ^
z77 ) -> z76 _ >
z77 _ -> rj _ ^
z76 ) -> z75 _ >
z76 _ -> rj _ ^
z75 ) -> z74 _ >
z75 _ -> rj _ ^
z74 ) -> z73 _ >
z74 _ -> rj _ ^
z73 ) -> z72 _ >
z73 _ -> rj _ ^
z72 ) -> z71 _ >
z72 _ -> rj _ ^
z71 ) -> z70 _ >
z71 _ -> rj _ ^
z70 ) -> z69 _ >
z70 _ -> rj _ ^
z69 ) -> z68 _ >
z69 _ -> rj _ ^
z68 ) -> z67 _ >
z68 _ -> rj _ ^
z67 ) -> z66 _ >
z67 _ -> rj _ ^
z66 ) -> z65 _ >
z66 _ -> rj _ ^
z65 ) -> z64 _ >
z65 _ -> rj _ ^
z64 ) -> z63 _ >
z64 _ -> rj _ ^
z63 ) -> z62 _ >
z63 _ -> rj _ ^
z62 ) -> z61 _ >
z62 _ -> rj _ ^
z61 ) -> z60 _ >
z61 _ -> rj _ ^
z60 ) -> z59 _ >
z60 _ -> rj _ ^
z59 ) -> z58 _ >
z59 _ -> rj _ ^
z58 ) -> z57 _ >
z58 _ -> rj _ ^
z57 ) -> z56 _ >
z57 _ -> rj _ ^
z56 ) -> z55 _ >
z56 _ -> rj _ ^
z55 ) -> z54 _ >
z55 _ -> rj _ ^
z54 ) -> z53 _ >
z54 _ -> rj _ ^
z53 ) -> z52 _ >
z53 _ -> rj _ ^
z52 ) -> z51 _ >
z52 _ -> rj _ ^
z51 ) -> z50 _ >
z51 _ -> rj _ ^
z50 ) -> z49 _ >
z50 _ -> rj _ ^
z49 ) -> z48 _ >
z49 _ -> rj _ ^
z48 ) -> z47 _ >
z48 _ -> rj _ ^
z47 ) -> z46 _ >
z47 _ -> rj _ ^
z46 ) -> z45 _ >
z46 _ -> rj _ ^
z45 ) -> z44 _ >
z45 _ -> rj _ ^
z44 ) -> z43 _ >
z44 _ -> rj _ ^
z43 ) -> z42 _ >
z43 _ -> rj _ ^
z42 ) -> z41 _ >
z42 _ -> rj _ ^
z41 ) -> z40 _ >
z41 _ -> rj _ ^
z40 ) -> z39 _ >
z40 _ -> rj _ ^
z39 ) -> z38 _ >
z39 _ -> rj _ ^
z38 ) -> z37 _ >
z38 _ -> rj _ ^
z37 ) -> z36 _ >
z37 _ -> rj _ ^
z36 ) -> z35 _ >
z36 _ -> rj _ ^
z35 ) -> z34 _ >
z35 _ -> rj _ ^
z34 ) -> z33 _ >
z34 _ -> rj _ ^
z33 ) -> z32 _ >
z33 _ -> rj _ ^
z32 ) -> z31 _ >
z32 _ -> rj _ ^
z31 ) -> z30 _ >
z31 _ -> rj _ ^
z30 ) -> z29 _ >
z30 _ -> rj _ ^
z29 ) -> z28 _ >
z29 _ -> rj _ ^
z28 ) -> z27 _ >
z28 _ -> rj _ ^
z27 ) -> z26 _ >
z27 _ -> rj _ ^
z26 ) -> z25 _ >
z26 _ -> rj _ ^
z25 ) -> z24 _ >
z25 _ -> rj _ ^
z24 ) -> z23 _ >
z24 _ -> rj _ ^
z23 ) -> z22 _ >
z23 _ -> rj _ ^
z22 ) -> z21 _ >
z22 _ -> rj _ ^
z21 ) -> z20 _ >
z21 _ -> rj _ ^
z20 ) -> z19 _ >
z20 _ -> rj _ ^
z19 ) -> z18 _ >
z19 _ -> rj _ ^
z18 ) -> z17 _ >
z18 _ -> rj _ ^
z17 ) -> z16 _ >
z17 _ -> rj _ ^
z16 ) -> z15 _ >
z16 _ -> rj _ ^
z15 ) -> z14 _ >
z15 _ -> rj _ ^
z14 ) -> z13 _ >
z14 _ -> rj _ ^
z13 ) -> z12 _ >
z13 _ -> rj _ ^
z12 ) -> z11 _ >
z12 _ -> rj _ ^
z11 ) -> z10 _ >
z11 _ -> rj _ ^
z10 ) -> z9 _ >
z10 _ -> rj _ ^
z9 ) -> z8 _ >
z9 _ -> rj _ ^
z8 ) -> z7 _ >
z8 _ -> rj _ ^
z7 ) -> z6 _ >
z7 _ -> rj _ ^
z6 ) -> z5 _ >
z6 _ -> rj _ ^
z5 ) -> z4 _ >
z5 _ -> rj _ ^
z4 ) -> z3 _ >
z4 _ -> rj _ ^
z3 ) -> z2 _ >
z3 _ -> rj _ ^
z2 ) -> z1 _ >
z2 _ -> rj _ ^
z1 ) -> z0 _ >
z1 _ -> rj _ ^
z0 ) -> rj _ ^
z0 _ -> ac _ ^
