start: s
accept: ac
reject: rj
blank: _
s 1 -> a1 _ >
a1 0 -> a2 _ >
a1 1 -> a3 _ >
a2 0 -> a4 _ >
a2 1 -> a5 _ >
a3 0 -> a6 _ >
a3 1 -> a7 _ >
a4 0 -> a8 _ >
a4 1 -> a9 _ >
a5 0 -> a10 _ >
a5 1 -> a11 _ >
a6 0 -> a12 _ >
a6 1 -> a13 _ >
a7 0 -> a14 _ >
a7 1 -> a15 _ >
a8 0 -> a16 _ >
a8 1 -> a17 _ >
a9 0 -> a18 _ >
a9 1 -> a19 _ >
a10 0 -> a20 _ >
a10 1 -> a21 _ >
a11 0 -> a22 _ >
a11 1 -> a23 _ >
a12 0 -> a24 _ >
a12 1 -> a25 _ >
a13 0 -> a26 _ >
a13 1 -> a27 _ >
a14 0 -> a28 _ >
a14 1 -> a29 _ >
a15 0 -> a30 _ >
a1 _ -> parse 1 ^
a2 _ -> parse 2 ^
a3 _ -> parse 6 ^
a4 _ -> a41 1 >
a41 _ -> parse 8 ^
a5 _ -> a51 7 >
a51 _ -> parse 8 ^
a6 _ -> a61 2 >
a61 _ -> a62 d >
a7 _ -> a71 1 >
a71 _ -> a72 3 >
a72 _ -> a73 b >
a8 _ -> a81 9 >
a81 _ -> a82 d >
a82 _ -> a83 8 >
a9 _ -> a91 5 >
a91 _ -> a92 8 >
a92 _ -> a93 9 >
a93 _ -> a94 8 >
a10 _ -> a101 3 >
a101 _ -> a102 7 >
a102 _ -> a103 5 >
a103 _ -> a104 f >
a104 _ -> a105 0 >
a11 _ -> a111 2 >
a111 _ -> a112 6 >
a112 _ -> a113 1 >
a113 _ -> a114 1 >
a114 _ -> a115 5 >
a115 _ -> a116 0 >
a12 _ -> a121 1 >
a121 _ -> a122 c >
a122 _ -> a123 8 >
a123 _ -> a124 c >
a124 _ -> a125 f >
a125 _ -> a126 c >
a126 _ -> a127 0 >
a13 _ -> a131 1 >
a131 _ -> a132 7 >
a132 _ -> a133 3 >
a133 _ -> a134 2 >
a134 _ -> a135 8 >
a135 _ -> a136 c >
a136 _ -> a137 c >
a137 _ -> a138 0 >
a14 _ -> a141 1 >
a141 _ -> a142 4 >
a142 _ -> a143 4 >
a143 _ -> a144 c >
a144 _ -> a145 3 >
a145 _ -> a146 b >
a146 _ -> a147 2 >
a147 _ -> a148 8 >
a148 _ -> a149 0 >
a15 _ -> a151 1 >
a151 _ -> a152 3 >
a152 _ -> a153 0 >
a153 _ -> a154 7 >
a154 _ -> a155 7 >
a155 _ -> a156 7 >
a156 _ -> a157 7 >
a157 _ -> a158 5 >
a158 _ -> a159 8 >
a159 _ -> a1510 0 >
a16 _ -> a161 1 >
a161 _ -> a162 3 >
a162 _ -> a163 0 >
a163 _ -> a164 7 >
a164 _ -> a165 7 >
a165 _ -> a166 7 >
a166 _ -> a167 7 >
a167 _ -> a168 5 >
a168 _ -> a169 8 >
a169 _ -> a1610 0 >
a1610 _ -> a1611 0 >
a17 _ -> a171 1 >
a171 _ -> a172 4 >
a172 _ -> a173 3 >
a173 _ -> a174 7 >
a174 _ -> a175 e >
a175 _ -> a176 e >
a176 _ -> a177 e >
a177 _ -> a178 c >
a178 _ -> a179 d >
a179 _ -> a1710 8 >
a1710 _ -> a1711 0 >
a1711 _ -> a1712 0 >
a18 _ -> a181 1 >
a181 _ -> a182 6 >
a182 _ -> a183 b >
a183 _ -> a184 e >
a184 _ -> a185 e >
a185 _ -> a186 c >
a186 _ -> a187 c >
a187 _ -> a188 a >
a188 _ -> a189 7 >
a189 _ -> a1810 3 >
a1810 _ -> a1811 0 >
a1811 _ -> a1812 0 >
a1812 _ -> a1813 0 >
a19 _ -> a191 1 >
a191 _ -> a192 b >
a192 _ -> a193 0 >
a193 _ -> a194 2 >
a194 _ -> a195 b >
a195 _ -> a196 9 >
a196 _ -> a197 3 >
a197 _ -> a198 0 >
a198 _ -> a199 6 >
a199 _ -> a1910 8 >
a1910 _ -> a1911 9 >
a1911 _ -> a1912 0 >
a1912 _ -> a1913 0 >
a1913 _ -> a1914 0 >
a20 _ -> a201 2 >
a201 _ -> a202 1 >
a202 _ -> a203 c >
a203 _ -> a204 3 >
a204 _ -> a205 6 >
a205 _ -> a206 7 >
a206 _ -> a207 7 >
a207 _ -> a208 c >
a208 _ -> a209 8 >
a209 _ -> a2010 2 >
a2010 _ -> a2011 b >
a2011 _ -> a2012 4 >
a2012 _ -> a2013 0 >
a2013 _ -> a2014 0 >
a2014 _ -> a2015 0 >
a21 _ -> a211 2 >
a211 _ -> a212 c >
a212 _ -> a213 5 >
a213 _ -> a214 0 >
a214 _ -> a215 7 >
a215 _ -> a216 7 >
a216 _ -> a217 d >
a217 _ -> a218 3 >
a218 _ -> a219 6 >
a219 _ -> a2110 b >
a2110 _ -> a2111 8 >
a2111 _ -> a2112 c >
a2112 _ -> a2113 4 >
a2113 _ -> a2114 0 >
a2114 _ -> a2115 0 >
a2115 _ -> a2116 0 >
a22 _ -> a221 3 >
a221 _ -> a222 c >
a222 _ -> a223 e >
a223 _ -> a224 e >
a224 _ -> a225 a >
a225 _ -> a226 4 >
a226 _ -> a227 c >
a227 _ -> a228 2 >
a228 _ -> a229 b >
a229 _ -> a2210 3 >
a2210 _ -> a2211 e >
a2211 _ -> a2212 0 >
a2212 _ -> a2213 d >
a2213 _ -> a2214 8 >
a2214 _ -> a2215 0 >
a2215 _ -> a2216 0 >
a2216 _ -> a2217 0 >
a23 _ -> a231 5 >
a231 _ -> a232 7 >
a232 _ -> a233 9 >
a233 _ -> a234 7 >
a234 _ -> a235 0 >
a235 _ -> a236 c >
a236 _ -> a237 d >
a237 _ -> a238 7 >
a238 _ -> a239 e >
a239 _ -> a2310 2 >
a2310 _ -> a2311 9 >
a2311 _ -> a2312 3 >
a2312 _ -> a2313 3 >
a2313 _ -> a2314 6 >
a2314 _ -> a2315 8 >
a2315 _ -> a2316 0 >
a2316 _ -> a2317 0 >
a2317 _ -> a2318 0 >
a24 _ -> a241 8 >
a241 _ -> a242 3 >
a242 _ -> a243 6 >
a243 _ -> a244 2 >
a244 _ -> a245 9 >
a245 _ -> a246 3 >
a246 _ -> a247 4 >
a247 _ -> a248 3 >
a248 _ -> a249 d >
a249 _ -> a2410 3 >
a2410 _ -> a2411 d >
a2411 _ -> a2412 c >
a2412 _ -> a2413 d >
a2413 _ -> a2414 1 >
a2414 _ -> a2415 c >
a2415 _ -> a2416 0 >
a2416 _ -> a2417 0 >
a2417 _ -> a2418 0 >
a2418 _ -> a2419 0 >
a25 _ -> a251 c >
a251 _ -> a252 d >
a252 _ -> a253 4 >
a253 _ -> a254 a >
a254 _ -> a255 0 >
a255 _ -> a256 6 >
a256 _ -> a257 1 >
a257 _ -> a258 9 >
a258 _ -> a259 f >
a259 _ -> a2510 b >
a2510 _ -> a2511 0 >
a2511 _ -> a2512 9 >
a2512 _ -> a2513 0 >
a2513 _ -> a2514 7 >
a2514 _ -> a2515 b >
a2515 _ -> a2516 c >
a2516 _ -> a2517 0 >
a2517 _ -> a2518 0 >
a2518 _ -> a2519 0 >
a2519 _ -> a2520 0 >
a26 _ -> a261 1 >
a261 _ -> a262 4 >
a262 _ -> a263 d >
a263 _ -> a264 9 >
a264 _ -> a265 8 >
a265 _ -> a266 4 >
a266 _ -> a267 9 >
a267 _ -> a268 e >
a268 _ -> a269 a >
a269 _ -> a2610 3 >
a2610 _ -> a2611 7 >
a2611 _ -> a2612 e >
a2612 _ -> a2613 e >
a2613 _ -> a2614 a >
a2614 _ -> a2615 c >
a2615 _ -> a2616 9 >
a2616 _ -> a2617 1 >
a2617 _ -> a2618 8 >
a2618 _ -> a2619 0 >
a2619 _ -> a2620 0 >
a2620 _ -> a2621 0 >
a2621 _ -> a2622 0 >
a27 _ -> a271 2 >
a271 _ -> a272 3 >
a272 _ -> a273 2 >
a273 _ -> a274 f >
a274 _ -> a275 0 >
a275 _ -> a276 f >
a276 _ -> a277 c >
a277 _ -> a278 b >
a278 _ -> a279 b >
a279 _ -> a2710 3 >
a2710 _ -> a2711 e >
a2711 _ -> a2712 6 >
a2712 _ -> a2713 2 >
a2713 _ -> a2714 c >
a2714 _ -> a2715 3 >
a2715 _ -> a2716 3 >
a2716 _ -> a2717 5 >
a2717 _ -> a2718 8 >
a2718 _ -> a2719 8 >
a2719 _ -> a2720 0 >
a2720 _ -> a2721 0 >
a2721 _ -> a2722 0 >
a2722 _ -> a2723 0 >
a28 _ -> a281 3 >
a281 _ -> a282 d >
a282 _ -> a283 9 >
a283 _ -> a284 2 >
a284 _ -> a285 5 >
a285 _ -> a286 b >
a286 _ -> a287 a >
a287 _ -> a288 4 >
a288 _ -> a289 7 >
a289 _ -> a2810 a >
a2810 _ -> a2811 d >
a2811 _ -> a2812 2 >
a2812 _ -> a2813 c >
a2813 _ -> a2814 d >
a2814 _ -> a2815 5 >
a2815 _ -> a2816 9 >
a2816 _ -> a2817 d >
a2817 _ -> a2818 a >
a2818 _ -> a2819 e >
a2819 _ -> a2820 0 >
a2820 _ -> a2821 0 >
a2821 _ -> a2822 0 >
a2822 _ -> a2823 0 >
a2823 _ -> a2824 0 >
a29 _ -> a291 6 >
a291 _ -> a292 f >
a292 _ -> a293 9 >
a293 _ -> a294 9 >
a294 _ -> a295 4 >
a295 _ -> a296 6 >
a296 _ -> a297 1 >
a297 _ -> a298 a >
a298 _ -> a299 1 >
a299 _ -> a2910 e >
a2910 _ -> a2911 9 >
a2911 _ -> a2912 e >
a2912 _ -> a2913 1 >
a2913 _ -> a2914 4 >
a2914 _ -> a2915 3 >
a2915 _ -> a2916 2 >
a2916 _ -> a2917 d >
a2917 _ -> a2918 c >
a2918 _ -> a2919 b >
a2919 _ -> a2920 6 >
a2920 _ -> a2921 0 >
a2921 _ -> a2922 0 >
a2922 _ -> a2923 0 >
a2923 _ -> a2924 0 >
a2924 _ -> a2925 0 >
a30 _ -> a301 d >
a301 _ -> a302 1 >
a302 _ -> a303 3 >
a303 _ -> a304 f >
a304 _ -> a305 6 >
a305 _ -> a306 3 >
a306 _ -> a307 7 >
a307 _ -> a308 0 >
a308 _ -> a309 f >
a309 _ -> a3010 9 >
a3010 _ -> a3011 6 >
a3011 _ -> a3012 8 >
a3012 _ -> a3013 6 >
a3013 _ -> a3014 5 >
a3014 _ -> a3015 d >
a3015 _ -> a3016 f >
a3016 _ -> a3017 5 >
a3017 _ -> a3018 d >
a3018 _ -> a3019 d >
a3019 _ -> a3020 5 >
a3020 _ -> a3021 4 >
a3021 _ -> a3022 0 >
a3022 _ -> a3023 0 >
a3023 _ -> a3024 0 >
a3024 _ -> a3025 0 >
a3025 _ -> a3026 0 >
a62 _ -> parse 0 ^
a73 _ -> parse 0 ^
a83 _ -> parse 0 ^
a94 _ -> parse 0 ^
a105 _ -> parse 0 ^
a116 _ -> parse 0 ^
a127 _ -> parse 0 ^
a138 _ -> parse 0 ^
a149 _ -> parse 0 ^
a1510 _ -> parse 0 ^
a1611 _ -> parse 0 ^
a1712 _ -> parse 0 ^
a1813 _ -> parse 0 ^
a1914 _ -> parse 0 ^
a2015 _ -> parse 0 ^
a2116 _ -> parse 0 ^
a2217 _ -> parse 0 ^
a2318 _ -> parse 0 ^
a2419 _ -> parse 0 ^
a2520 _ -> parse 0 ^
a2622 _ -> parse 0 ^
a2723 _ -> parse 0 ^
a2824 _ -> parse 0 ^
a2925 _ -> parse 0 ^
a3026 _ -> parse 0 ^
parse _ -> left _ <
left 0 -> left 0 <
left 1 -> left 1 <
left _ -> leadzero _ >
leadzero 0 -> leadzero _ >
leadzero 1 -> ac 1 ^
parse 0 -> q0 _ <
parse 1 -> q1 _ <
parse 2 -> q2 _ <
parse 3 -> q3 _ <
parse 4 -> q4 _ <
parse 5 -> q5 _ <
parse 6 -> q6 _ <
parse 7 -> q7 _ <
parse 8 -> q8 _ <
parse 9 -> q9 _ <
parse a -> q10 _ <
parse b -> q11 _ <
parse c -> q12 _ <
parse d -> q13 _ <
parse e -> q14 _ <
parse f -> q15 _ <
q0 0 -> q0 0 <
q0 1 -> q0 1 <
q0 2 -> q0 2 <
q0 3 -> q0 3 <
q0 4 -> q0 4 <
q0 5 -> q0 5 <
q0 6 -> q0 6 <
q0 7 -> q0 7 <
q0 8 -> q0 8 <
q0 9 -> q0 9 <
q0 a -> q0 a <
q0 b -> q0 b <
q0 c -> q0 c <
q0 d -> q0 d <
q0 e -> q0 e <
q0 f -> q0 f <
q1 0 -> q1 0 <
q1 1 -> q1 1 <
q1 2 -> q1 2 <
q1 3 -> q1 3 <
q1 4 -> q1 4 <
q1 5 -> q1 5 <
q1 6 -> q1 6 <
q1 7 -> q1 7 <
q1 8 -> q1 8 <
q1 9 -> q1 9 <
q1 a -> q1 a <
q1 b -> q1 b <
q1 c -> q1 c <
q1 d -> q1 d <
q1 e -> q1 e <
q1 f -> q1 f <
q2 0 -> q2 0 <
q2 1 -> q2 1 <
q2 2 -> q2 2 <
q2 3 -> q2 3 <
q2 4 -> q2 4 <
q2 5 -> q2 5 <
q2 6 -> q2 6 <
q2 7 -> q2 7 <
q2 8 -> q2 8 <
q2 9 -> q2 9 <
q2 a -> q2 a <
q2 b -> q2 b <
q2 c -> q2 c <
q2 d -> q2 d <
q2 e -> q2 e <
q2 f -> q2 f <
q3 0 -> q3 0 <
q3 1 -> q3 1 <
q3 2 -> q3 2 <
q3 3 -> q3 3 <
q3 4 -> q3 4 <
q3 5 -> q3 5 <
q3 6 -> q3 6 <
q3 7 -> q3 7 <
q3 8 -> q3 8 <
q3 9 -> q3 9 <
q3 a -> q3 a <
q3 b -> q3 b <
q3 c -> q3 c <
q3 d -> q3 d <
q3 e -> q3 e <
q3 f -> q3 f <
q4 0 -> q4 0 <
q4 1 -> q4 1 <
q4 2 -> q4 2 <
q4 3 -> q4 3 <
q4 4 -> q4 4 <
q4 5 -> q4 5 <
q4 6 -> q4 6 <
q4 7 -> q4 7 <
q4 8 -> q4 8 <
q4 9 -> q4 9 <
q4 a -> q4 a <
q4 b -> q4 b <
q4 c -> q4 c <
q4 d -> q4 d <
q4 e -> q4 e <
q4 f -> q4 f <
q5 0 -> q5 0 <
q5 1 -> q5 1 <
q5 2 -> q5 2 <
q5 3 -> q5 3 <
q5 4 -> q5 4 <
q5 5 -> q5 5 <
q5 6 -> q5 6 <
q5 7 -> q5 7 <
q5 8 -> q5 8 <
q5 9 -> q5 9 <
q5 a -> q5 a <
q5 b -> q5 b <
q5 c -> q5 c <
q5 d -> q5 d <
q5 e -> q5 e <
q5 f -> q5 f <
q6 0 -> q6 0 <
q6 1 -> q6 1 <
q6 2 -> q6 2 <
q6 3 -> q6 3 <
q6 4 -> q6 4 <
q6 5 -> q6 5 <
q6 6 -> q6 6 <
q6 7 -> q6 7 <
q6 8 -> q6 8 <
q6 9 -> q6 9 <
q6 a -> q6 a <
q6 b -> q6 b <
q6 c -> q6 c <
q6 d -> q6 d <
q6 e -> q6 e <
q6 f -> q6 f <
q7 0 -> q7 0 <
q7 1 -> q7 1 <
q7 2 -> q7 2 <
q7 3 -> q7 3 <
q7 4 -> q7 4 <
q7 5 -> q7 5 <
q7 6 -> q7 6 <
q7 7 -> q7 7 <
q7 8 -> q7 8 <
q7 9 -> q7 9 <
q7 a -> q7 a <
q7 b -> q7 b <
q7 c -> q7 c <
q7 d -> q7 d <
q7 e -> q7 e <
q7 f -> q7 f <
q8 0 -> q8 0 <
q8 1 -> q8 1 <
q8 2 -> q8 2 <
q8 3 -> q8 3 <
q8 4 -> q8 4 <
q8 5 -> q8 5 <
q8 6 -> q8 6 <
q8 7 -> q8 7 <
q8 8 -> q8 8 <
q8 9 -> q8 9 <
q8 a -> q8 a <
q8 b -> q8 b <
q8 c -> q8 c <
q8 d -> q8 d <
q8 e -> q8 e <
q8 f -> q8 f <
q9 0 -> q9 0 <
q9 1 -> q9 1 <
q9 2 -> q9 2 <
q9 3 -> q9 3 <
q9 4 -> q9 4 <
q9 5 -> q9 5 <
q9 6 -> q9 6 <
q9 7 -> q9 7 <
q9 8 -> q9 8 <
q9 9 -> q9 9 <
q9 a -> q9 a <
q9 b -> q9 b <
q9 c -> q9 c <
q9 d -> q9 d <
q9 e -> q9 e <
q9 f -> q9 f <
q10 0 -> q10 0 <
q10 1 -> q10 1 <
q10 2 -> q10 2 <
q10 3 -> q10 3 <
q10 4 -> q10 4 <
q10 5 -> q10 5 <
q10 6 -> q10 6 <
q10 7 -> q10 7 <
q10 8 -> q10 8 <
q10 9 -> q10 9 <
q10 a -> q10 a <
q10 b -> q10 b <
q10 c -> q10 c <
q10 d -> q10 d <
q10 e -> q10 e <
q10 f -> q10 f <
q11 0 -> q11 0 <
q11 1 -> q11 1 <
q11 2 -> q11 2 <
q11 3 -> q11 3 <
q11 4 -> q11 4 <
q11 5 -> q11 5 <
q11 6 -> q11 6 <
q11 7 -> q11 7 <
q11 8 -> q11 8 <
q11 9 -> q11 9 <
q11 a -> q11 a <
q11 b -> q11 b <
q11 c -> q11 c <
q11 d -> q11 d <
q11 e -> q11 e <
q11 f -> q11 f <
q12 0 -> q12 0 <
q12 1 -> q12 1 <
q12 2 -> q12 2 <
q12 3 -> q12 3 <
q12 4 -> q12 4 <
q12 5 -> q12 5 <
q12 6 -> q12 6 <
q12 7 -> q12 7 <
q12 8 -> q12 8 <
q12 9 -> q12 9 <
q12 a -> q12 a <
q12 b -> q12 b <
q12 c -> q12 c <
q12 d -> q12 d <
q12 e -> q12 e <
q12 f -> q12 f <
q13 0 -> q13 0 <
q13 1 -> q13 1 <
q13 2 -> q13 2 <
q13 3 -> q13 3 <
q13 4 -> q13 4 <
q13 5 -> q13 5 <
q13 6 -> q13 6 <
q13 7 -> q13 7 <
q13 8 -> q13 8 <
q13 9 -> q13 9 <
q13 a -> q13 a <
q13 b -> q13 b <
q13 c -> q13 c <
q13 d -> q13 d <
q13 e -> q13 e <
q13 f -> q13 f <
q14 0 -> q14 0 <
q14 1 -> q14 1 <
q14 2 -> q14 2 <
q14 3 -> q14 3 <
q14 4 -> q14 4 <
q14 5 -> q14 5 <
q14 6 -> q14 6 <
q14 7 -> q14 7 <
q14 8 -> q14 8 <
q14 9 -> q14 9 <
q14 a -> q14 a <
q14 b -> q14 b <
q14 c -> q14 c <
q14 d -> q14 d <
q14 e -> q14 e <
q14 f -> q14 f <
q15 0 -> q15 0 <
q15 1 -> q15 1 <
q15 2 -> q15 2 <
q15 3 -> q15 3 <
q15 4 -> q15 4 <
q15 5 -> q15 5 <
q15 6 -> q15 6 <
q15 7 -> q15 7 <
q15 8 -> q15 8 <
q15 9 -> q15 9 <
q15 a -> q15 a <
q15 b -> q15 b <
q15 c -> q15 c <
q15 d -> q15 d <
q15 e -> q15 e <
q15 f -> q15 f <
q0 _ -> w00 _ <
q1 _ -> w10 _ <
q2 _ -> w20 _ <
q3 _ -> w30 _ <
q4 _ -> w40 _ <
q5 _ -> w50 _ <
q6 _ -> w60 _ <
q7 _ -> w70 _ <
q8 _ -> w80 _ <
q9 _ -> w90 _ <
q10 _ -> w100 _ <
q11 _ -> w110 _ <
q12 _ -> w120 _ <
q13 _ -> w130 _ <
q14 _ -> w140 _ <
q15 _ -> w150 _ <
w00 0 -> w00 0 <
w00 1 -> w00 1 <
w00 2 -> w00 2 <
w00 3 -> w00 3 <
w00 4 -> w00 4 <
w00 5 -> w00 5 <
w00 6 -> w00 6 <
w00 7 -> w00 7 <
w00 8 -> w00 8 <
w00 9 -> w00 9 <
w00 a -> w00 a <
w00 b -> w00 b <
w00 c -> w00 c <
w00 d -> w00 d <
w00 e -> w00 e <
w00 f -> w00 f <
w10 0 -> w10 0 <
w10 1 -> w10 1 <
w10 2 -> w10 2 <
w10 3 -> w10 3 <
w10 4 -> w10 4 <
w10 5 -> w10 5 <
w10 6 -> w10 6 <
w10 7 -> w10 7 <
w10 8 -> w10 8 <
w10 9 -> w10 9 <
w10 a -> w10 a <
w10 b -> w10 b <
w10 c -> w10 c <
w10 d -> w10 d <
w10 e -> w10 e <
w10 f -> w10 f <
w20 0 -> w20 0 <
w20 1 -> w20 1 <
w20 2 -> w20 2 <
w20 3 -> w20 3 <
w20 4 -> w20 4 <
w20 5 -> w20 5 <
w20 6 -> w20 6 <
w20 7 -> w20 7 <
w20 8 -> w20 8 <
w20 9 -> w20 9 <
w20 a -> w20 a <
w20 b -> w20 b <
w20 c -> w20 c <
w20 d -> w20 d <
w20 e -> w20 e <
w20 f -> w20 f <
w30 0 -> w30 0 <
w30 1 -> w30 1 <
w30 2 -> w30 2 <
w30 3 -> w30 3 <
w30 4 -> w30 4 <
w30 5 -> w30 5 <
w30 6 -> w30 6 <
w30 7 -> w30 7 <
w30 8 -> w30 8 <
w30 9 -> w30 9 <
w30 a -> w30 a <
w30 b -> w30 b <
w30 c -> w30 c <
w30 d -> w30 d <
w30 e -> w30 e <
w30 f -> w30 f <
w40 0 -> w40 0 <
w40 1 -> w40 1 <
w40 2 -> w40 2 <
w40 3 -> w40 3 <
w40 4 -> w40 4 <
w40 5 -> w40 5 <
w40 6 -> w40 6 <
w40 7 -> w40 7 <
w40 8 -> w40 8 <
w40 9 -> w40 9 <
w40 a -> w40 a <
w40 b -> w40 b <
w40 c -> w40 c <
w40 d -> w40 d <
w40 e -> w40 e <
w40 f -> w40 f <
w50 0 -> w50 0 <
w50 1 -> w50 1 <
w50 2 -> w50 2 <
w50 3 -> w50 3 <
w50 4 -> w50 4 <
w50 5 -> w50 5 <
w50 6 -> w50 6 <
w50 7 -> w50 7 <
w50 8 -> w50 8 <
w50 9 -> w50 9 <
w50 a -> w50 a <
w50 b -> w50 b <
w50 c -> w50 c <
w50 d -> w50 d <
w50 e -> w50 e <
w50 f -> w50 f <
w60 0 -> w60 0 <
w60 1 -> w60 1 <
w60 2 -> w60 2 <
w60 3 -> w60 3 <
w60 4 -> w60 4 <
w60 5 -> w60 5 <
w60 6 -> w60 6 <
w60 7 -> w60 7 <
w60 8 -> w60 8 <
w60 9 -> w60 9 <
w60 a -> w60 a <
w60 b -> w60 b <
w60 c -> w60 c <
w60 d -> w60 d <
w60 e -> w60 e <
w60 f -> w60 f <
w70 0 -> w70 0 <
w70 1 -> w70 1 <
w70 2 -> w70 2 <
w70 3 -> w70 3 <
w70 4 -> w70 4 <
w70 5 -> w70 5 <
w70 6 -> w70 6 <
w70 7 -> w70 7 <
w70 8 -> w70 8 <
w70 9 -> w70 9 <
w70 a -> w70 a <
w70 b -> w70 b <
w70 c -> w70 c <
w70 d -> w70 d <
w70 e -> w70 e <
w70 f -> w70 f <
w80 0 -> w80 0 <
w80 1 -> w80 1 <
w80 2 -> w80 2 <
w80 3 -> w80 3 <
w80 4 -> w80 4 <
w80 5 -> w80 5 <
w80 6 -> w80 6 <
w80 7 -> w80 7 <
w80 8 -> w80 8 <
w80 9 -> w80 9 <
w80 a -> w80 a <
w80 b -> w80 b <
w80 c -> w80 c <
w80 d -> w80 d <
w80 e -> w80 e <
w80 f -> w80 f <
w90 0 -> w90 0 <
w90 1 -> w90 1 <
w90 2 -> w90 2 <
w90 3 -> w90 3 <
w90 4 -> w90 4 <
w90 5 -> w90 5 <
w90 6 -> w90 6 <
w90 7 -> w90 7 <
w90 8 -> w90 8 <
w90 9 -> w90 9 <
w90 a -> w90 a <
w90 b -> w90 b <
w90 c -> w90 c <
w90 d -> w90 d <
w90 e -> w90 e <
w90 f -> w90 f <
w100 0 -> w100 0 <
w100 1 -> w100 1 <
w100 2 -> w100 2 <
w100 3 -> w100 3 <
w100 4 -> w100 4 <
w100 5 -> w100 5 <
w100 6 -> w100 6 <
w100 7 -> w100 7 <
w100 8 -> w100 8 <
w100 9 -> w100 9 <
w100 a -> w100 a <
w100 b -> w100 b <
w100 c -> w100 c <
w100 d -> w100 d <
w100 e -> w100 e <
w100 f -> w100 f <
w110 0 -> w110 0 <
w110 1 -> w110 1 <
w110 2 -> w110 2 <
w110 3 -> w110 3 <
w110 4 -> w110 4 <
w110 5 -> w110 5 <
w110 6 -> w110 6 <
w110 7 -> w110 7 <
w110 8 -> w110 8 <
w110 9 -> w110 9 <
w110 a -> w110 a <
w110 b -> w110 b <
w110 c -> w110 c <
w110 d -> w110 d <
w110 e -> w110 e <
w110 f -> w110 f <
w120 0 -> w120 0 <
w120 1 -> w120 1 <
w120 2 -> w120 2 <
w120 3 -> w120 3 <
w120 4 -> w120 4 <
w120 5 -> w120 5 <
w120 6 -> w120 6 <
w120 7 -> w120 7 <
w120 8 -> w120 8 <
w120 9 -> w120 9 <
w120 a -> w120 a <
w120 b -> w120 b <
w120 c -> w120 c <
w120 d -> w120 d <
w120 e -> w120 e <
w120 f -> w120 f <
w130 0 -> w130 0 <
w130 1 -> w130 1 <
w130 2 -> w130 2 <
w130 3 -> w130 3 <
w130 4 -> w130 4 <
w130 5 -> w130 5 <
w130 6 -> w130 6 <
w130 7 -> w130 7 <
w130 8 -> w130 8 <
w130 9 -> w130 9 <
w130 a -> w130 a <
w130 b -> w130 b <
w130 c -> w130 c <
w130 d -> w130 d <
w130 e -> w130 e <
w130 f -> w130 f <
w140 0 -> w140 0 <
w140 1 -> w140 1 <
w140 2 -> w140 2 <
w140 3 -> w140 3 <
w140 4 -> w140 4 <
w140 5 -> w140 5 <
w140 6 -> w140 6 <
w140 7 -> w140 7 <
w140 8 -> w140 8 <
w140 9 -> w140 9 <
w140 a -> w140 a <
w140 b -> w140 b <
w140 c -> w140 c <
w140 d -> w140 d <
w140 e -> w140 e <
w140 f -> w140 f <
w150 0 -> w150 0 <
w150 1 -> w150 1 <
w150 2 -> w150 2 <
w150 3 -> w150 3 <
w150 4 -> w150 4 <
w150 5 -> w150 5 <
w150 6 -> w150 6 <
w150 7 -> w150 7 <
w150 8 -> w150 8 <
w150 9 -> w150 9 <
w150 a -> w150 a <
w150 b -> w150 b <
w150 c -> w150 c <
w150 d -> w150 d <
w150 e -> w150 e <
w150 f -> w150 f <
w00 _ -> w01 0 <
w01 _ -> w02 0 <
w02 _ -> w03 0 <
w03 _ -> right 0 ^
w10 _ -> w11 1 <
w11 _ -> w12 0 <
w12 _ -> w13 0 <
w13 _ -> right 0 ^
w20 _ -> w21 0 <
w21 _ -> w22 1 <
w22 _ -> w23 0 <
w23 _ -> right 0 ^
w30 _ -> w31 1 <
w31 _ -> w32 1 <
w32 _ -> w33 0 <
w33 _ -> right 0 ^
w40 _ -> w41 0 <
w41 _ -> w42 0 <
w42 _ -> w43 1 <
w43 _ -> right 0 ^
w50 _ -> w51 1 <
w51 _ -> w52 0 <
w52 _ -> w53 1 <
w53 _ -> right 0 ^
w60 _ -> w61 0 <
w61 _ -> w62 1 <
w62 _ -> w63 1 <
w63 _ -> right 0 ^
w70 _ -> w71 1 <
w71 _ -> w72 1 <
w72 _ -> w73 1 <
w73 _ -> right 0 ^
w80 _ -> w81 0 <
w81 _ -> w82 0 <
w82 _ -> w83 0 <
w83 _ -> right 1 ^
w90 _ -> w91 1 <
w91 _ -> w92 0 <
w92 _ -> w93 0 <
w93 _ -> right 1 ^
w100 _ -> w101 0 <
w101 _ -> w102 1 <
w102 _ -> w103 0 <
w103 _ -> right 1 ^
w110 _ -> w111 1 <
w111 _ -> w112 1 <
w112 _ -> w113 0 <
w113 _ -> right 1 ^
w120 _ -> w121 0 <
w121 _ -> w122 0 <
w122 _ -> w123 1 <
w123 _ -> right 1 ^
w130 _ -> w131 1 <
w131 _ -> w132 0 <
w132 _ -> w133 1 <
w133 _ -> right 1 ^
w140 _ -> w141 0 <
w141 _ -> w142 1 <
w142 _ -> w143 1 <
w143 _ -> right 1 ^
w150 _ -> w151 1 <
w151 _ -> w152 1 <
w152 _ -> w153 1 <
w153 _ -> right 1 ^
right 0 -> right 0 >
right 1 -> right 1 >
right 2 -> right 2 >
right 3 -> right 3 >
right 4 -> right 4 >
right 5 -> right 5 >
right 6 -> right 6 >
right 7 -> right 7 >
right 8 -> right 8 >
right 9 -> right 9 >
right a -> right a >
right b -> right b >
right c -> right c >
right d -> right d >
right e -> right e >
right f -> right f >
right _ -> right1 _ >
right1 0 -> right1 0 >
right1 1 -> right1 1 >
right1 2 -> right1 2 >
right1 3 -> right1 3 >
right1 4 -> right1 4 >
right1 5 -> right1 5 >
right1 6 -> right1 6 >
right1 7 -> right1 7 >
right1 8 -> right1 8 >
right1 9 -> right1 9 >
right1 a -> right1 a >
right1 b -> right1 b >
right1 c -> right1 c >
right1 d -> right1 d >
right1 e -> right1 e >
right1 f -> right1 f >
right1 _ -> parse _ <
