3
S 0 _ _ -> S1 0 ^ 0 > 1 >
S 1 _ _ -> S1 1 ^ 0 > 1 >
S ( _ _ -> S1 ( ^ 0 > 1 >
S1 ( _ _ -> S1 _ > 0 > 1 >
S1 a _ _ -> S1 _ > _ ^ _ ^
S1 1 _ _ -> S1 _ > _ ^ _ ^
S1 o _ _ -> Sl o ^ _ < _ <
S1 0 _ _ -> Sl 0 ^ _ ^ _ <
S1 ) _ _ -> Sb ) ^ _ < _ <
S1 _ _ _ -> Sf _ ^ _ < _ <
Sl o 0 0 -> S1 _ > 0 > 1 >
Sl o 0 1 -> S1 _ > 1 > 1 >
Sl o 1 0 -> S1 _ > 1 > 1 >
Sl o 1 1 -> S1 _ > 1 > 1 >
Sl 0 _ 0 -> S1 _ > _ ^ 0 >
Sl 0 _ 1 -> S1 _ > _ ^ 0 >
Sb ) 0 0 -> Sbb ) ^ 0 ^ _ <
Sb ) 0 1 -> Sbb ) ^ 1 ^ _ <
Sb ) 1 0 -> Sbb ) ^ 1 ^ _ <
Sb ) 1 1 -> Sbb ) ^ 1 ^ _ <
Sbb ) 0 0 -> S1 _ > _ ^ 0 >
Sbb ) 0 1 -> S1 _ > _ ^ 0 >
Sbb ) 1 0 -> S1 _ > _ ^ 0 >
Sbb ) 1 1 -> S1 _ > _ ^ 1 >
Sf _ 0 0 -> AC 0 ^ _ > _ >
Sf _ 0 1 -> AC 1 ^ _ > _ >
Sf _ 1 0 -> AC 1 ^ _ > _ >
Sf _ 1 1 -> AC 1 ^ _ > _ >




