start: s
accept: ac
reject: rj
blank: _
s 0 -> n1 0 >
s 1 -> n1 1 >
s _ -> ac _ ^
n1 0 -> n2 0 >
n1 1 -> n2 1 >
n2 0 -> n3 0 >
n2 1 -> n3 1 >
n3 0 -> n4 0 >
n3 1 -> n4 1 >
n4 0 -> n5 0 >
n4 1 -> n5 1 >
n5 0 -> n6 0 >
n5 1 -> n6 1 >
n6 0 -> n7 0 >
n6 1 -> n7 1 >
n7 0 -> n8 0 >
n7 1 -> n8 1 >
n8 0 -> n9 0 >
n8 1 -> n9 1 >
n9 0 -> n10 0 >
n9 1 -> n10 1 >
n10 0 -> n11 0 >
n10 1 -> n11 1 >
n11 0 -> n12 0 >
n11 1 -> n12 1 >
n12 0 -> n13 0 >
n12 1 -> n13 1 >
n13 0 -> n14 0 >
n13 1 -> n14 1 >
n14 0 -> n15 0 >
n14 1 -> n15 1 >
n15 0 -> n16 0 >
n15 1 -> n16 1 >
n16 0 -> n17 0 >
n16 1 -> n17 1 >
n17 0 -> n18 0 >
n17 1 -> n18 1 >
n18 0 -> n19 0 >
n18 1 -> n19 1 >
n19 0 -> n20 0 >
n19 1 -> n20 1 >
n20 0 -> n21 0 >
n20 1 -> n21 1 >
n21 0 -> n22 0 >
n21 1 -> n22 1 >
n22 0 -> n23 0 >
n22 1 -> n23 1 >
n23 0 -> n24 0 >
n23 1 -> n24 1 >
n24 0 -> n25 0 >
n24 1 -> n25 1 >
n25 0 -> n26 0 >
n25 1 -> n26 1 >
n26 0 -> n27 0 >
n26 1 -> n27 1 >
n27 0 -> n28 0 >
n27 1 -> n28 1 >
n28 0 -> n29 0 >
n28 1 -> n29 1 >
n29 0 -> n30 0 >
n29 1 -> n30 1 >
n30 0 -> n31 0 >
n30 1 -> n31 1 >
n31 0 -> n32 0 >
n31 1 -> n32 1 >
n32 0 -> n33 0 >
n32 1 -> n33 1 >
n33 0 -> n34 0 >
n33 1 -> n34 1 >
n34 0 -> n35 0 >
n34 1 -> n35 1 >
n35 0 -> n36 0 >
n35 1 -> n36 1 >
n36 0 -> n37 0 >
n36 1 -> n37 1 >
n37 0 -> n38 0 >
n37 1 -> n38 1 >
n38 0 -> n39 0 >
n38 1 -> n39 1 >
n39 0 -> n40 0 >
n39 1 -> n40 1 >
n40 0 -> n41 0 >
n40 1 -> n41 1 >
n41 0 -> n42 0 >
n41 1 -> n42 1 >
n42 0 -> n43 0 >
n42 1 -> n43 1 >
n43 0 -> n44 0 >
n43 1 -> n44 1 >
n44 0 -> n45 0 >
n44 1 -> n45 1 >
n45 0 -> n46 0 >
n45 1 -> n46 1 >
n46 0 -> n47 0 >
n46 1 -> n47 1 >
n47 0 -> n48 0 >
n47 1 -> n48 1 >
n48 0 -> n49 0 >
n48 1 -> n49 1 >
n49 0 -> n50 0 >
n49 1 -> n50 1 >
n50 0 -> n51 0 >
n50 1 -> n51 1 >
n51 0 -> n52 0 >
n51 1 -> n52 1 >
n52 0 -> n53 0 >
n52 1 -> n53 1 >
n53 0 -> n54 0 >
n53 1 -> n54 1 >
n54 0 -> n55 0 >
n54 1 -> n55 1 >
n55 0 -> n56 0 >
n55 1 -> n56 1 >
n56 0 -> n57 0 >
n56 1 -> n57 1 >
n57 0 -> n58 0 >
n57 1 -> n58 1 >
n58 0 -> n59 0 >
n58 1 -> n59 1 >
n59 0 -> n60 0 >
n59 1 -> n60 1 >
n60 0 -> n61 0 >
n60 1 -> n61 1 >
n61 0 -> n62 0 >
n61 1 -> n62 1 >
n62 0 -> n63 0 >
n62 1 -> n63 1 >
n63 0 -> n64 0 >
n63 1 -> n64 1 >
n64 0 -> n65 0 >
n64 1 -> n65 1 >
n65 0 -> n66 0 >
n65 1 -> n66 1 >
n66 0 -> n67 0 >
n66 1 -> n67 1 >
n67 0 -> n68 0 >
n67 1 -> n68 1 >
n68 0 -> n69 0 >
n68 1 -> n69 1 >
n69 0 -> n70 0 >
n69 1 -> n70 1 >
n70 0 -> n71 0 >
n70 1 -> n71 1 >
n71 0 -> n72 0 >
n71 1 -> n72 1 >
n72 0 -> n73 0 >
n72 1 -> n73 1 >
n73 0 -> n74 0 >
n73 1 -> n74 1 >
n74 0 -> n75 0 >
n74 1 -> n75 1 >
n75 0 -> n76 0 >
n75 1 -> n76 1 >
n76 0 -> n77 0 >
n76 1 -> n77 1 >
n77 0 -> n78 0 >
n77 1 -> n78 1 >
n78 0 -> n79 0 >
n78 1 -> n79 1 >
n79 0 -> n80 0 >
n79 1 -> n80 1 >
n80 0 -> n81 0 >
n80 1 -> n81 1 >
n81 0 -> n82 0 >
n81 1 -> n82 1 >
n82 0 -> n83 0 >
n82 1 -> n83 1 >
n83 0 -> n84 0 >
n83 1 -> n84 1 >
n84 0 -> n85 0 >
n84 1 -> n85 1 >
n85 0 -> n86 0 >
n85 1 -> n86 1 >
n86 0 -> n87 0 >
n86 1 -> n87 1 >
n87 0 -> n88 0 >
n87 1 -> n88 1 >
n88 0 -> n89 0 >
n88 1 -> n89 1 >
n89 0 -> n90 0 >
n89 1 -> n90 1 >
n90 0 -> n91 0 >
n90 1 -> n91 1 >
n91 0 -> n92 0 >
n91 1 -> n92 1 >
n92 0 -> n93 0 >
n92 1 -> n93 1 >
n93 0 -> n94 0 >
n93 1 -> n94 1 >
n94 0 -> n95 0 >
n94 1 -> n95 1 >
n95 0 -> n96 0 >
n95 1 -> n96 1 >
n96 0 -> n97 0 >
n96 1 -> n97 1 >
n97 0 -> n98 0 >
n97 1 -> n98 1 >
n98 0 -> n99 0 >
n98 1 -> n99 1 >
n99 0 -> n100 0 >
n99 1 -> n100 1 >
n1 _ -> rj _ ^
n2 _ -> c1 _ <
n3 _ -> rj _ ^
n4 _ -> c2 _ <
n5 _ -> rj _ ^
n6 _ -> c3 _ <
n7 _ -> rj _ ^
n8 _ -> c4 _ <
n9 _ -> rj _ ^
n10 _ -> c5 _ <
n11 _ -> rj _ ^
n12 _ -> c6 _ <
n13 _ -> rj _ ^
n14 _ -> c7 _ <
n15 _ -> rj _ ^
n16 _ -> c8 _ <
n17 _ -> rj _ ^
n18 _ -> c9 _ <
n19 _ -> rj _ ^
n20 _ -> c10 _ <
n21 _ -> rj _ ^
n22 _ -> c11 _ <
n23 _ -> rj _ ^
n24 _ -> c12 _ <
n25 _ -> rj _ ^
n26 _ -> c13 _ <
n27 _ -> rj _ ^
n28 _ -> c14 _ <
n29 _ -> rj _ ^
n30 _ -> c15 _ <
n31 _ -> rj _ ^
n32 _ -> c16 _ <
n33 _ -> rj _ ^
n34 _ -> c17 _ <
n35 _ -> rj _ ^
n36 _ -> c18 _ <
n37 _ -> rj _ ^
n38 _ -> c19 _ <
n39 _ -> rj _ ^
n40 _ -> c20 _ <
n41 _ -> rj _ ^
n42 _ -> c21 _ <
n43 _ -> rj _ ^
n44 _ -> c22 _ <
n45 _ -> rj _ ^
n46 _ -> c23 _ <
n47 _ -> rj _ ^
n48 _ -> c24 _ <
n49 _ -> rj _ ^
n50 _ -> c25 _ <
n51 _ -> rj _ ^
n52 _ -> c26 _ <
n53 _ -> rj _ ^
n54 _ -> c27 _ <
n55 _ -> rj _ ^
n56 _ -> c28 _ <
n57 _ -> rj _ ^
n58 _ -> c29 _ <
n59 _ -> rj _ ^
n60 _ -> c30 _ <
n61 _ -> rj _ ^
n62 _ -> c31 _ <
n63 _ -> rj _ ^
n64 _ -> c32 _ <
n65 _ -> rj _ ^
n66 _ -> c33 _ <
n67 _ -> rj _ ^
n68 _ -> c34 _ <
n69 _ -> rj _ ^
n70 _ -> c35 _ <
n71 _ -> rj _ ^
n72 _ -> c36 _ <
n73 _ -> rj _ ^
n74 _ -> c37 _ <
n75 _ -> rj _ ^
n76 _ -> c38 _ <
n77 _ -> rj _ ^
n78 _ -> c39 _ <
n79 _ -> rj _ ^
n80 _ -> c40 _ <
n81 _ -> rj _ ^
n82 _ -> c41 _ <
n83 _ -> rj _ ^
n84 _ -> c42 _ <
n85 _ -> rj _ ^
n86 _ -> c43 _ <
n87 _ -> rj _ ^
n88 _ -> c44 _ <
n89 _ -> rj _ ^
n90 _ -> c45 _ <
n91 _ -> rj _ ^
n92 _ -> c46 _ <
n93 _ -> rj _ ^
n94 _ -> c47 _ <
n95 _ -> rj _ ^
n96 _ -> c48 _ <
n97 _ -> rj _ ^
n98 _ -> c49 _ <
n99 _ -> rj _ ^
n100 _ -> c50 _ <
c1 0 -> z0 _ <
c1 1 -> o0 _ <
c1 _ -> ac _ ^
c2 0 -> z1 _ <
c2 1 -> o1 _ <
c2 _ -> ac _ ^
c3 0 -> z2 _ <
c3 1 -> o2 _ <
c3 _ -> ac _ ^
c4 0 -> z3 _ <
c4 1 -> o3 _ <
c4 _ -> ac _ ^
c5 0 -> z4 _ <
c5 1 -> o4 _ <
c5 _ -> ac _ ^
c6 0 -> z5 _ <
c6 1 -> o5 _ <
c6 _ -> ac _ ^
c7 0 -> z6 _ <
c7 1 -> o6 _ <
c7 _ -> ac _ ^
c8 0 -> z7 _ <
c8 1 -> o7 _ <
c8 _ -> ac _ ^
c9 0 -> z8 _ <
c9 1 -> o8 _ <
c9 _ -> ac _ ^
c10 0 -> z9 _ <
c10 1 -> o9 _ <
c10 _ -> ac _ ^
c11 0 -> z10 _ <
c11 1 -> o10 _ <
c11 _ -> ac _ ^
c12 0 -> z11 _ <
c12 1 -> o11 _ <
c12 _ -> ac _ ^
c13 0 -> z12 _ <
c13 1 -> o12 _ <
c13 _ -> ac _ ^
c14 0 -> z13 _ <
c14 1 -> o13 _ <
c14 _ -> ac _ ^
c15 0 -> z14 _ <
c15 1 -> o14 _ <
c15 _ -> ac _ ^
c16 0 -> z15 _ <
c16 1 -> o15 _ <
c16 _ -> ac _ ^
c17 0 -> z16 _ <
c17 1 -> o16 _ <
c17 _ -> ac _ ^
c18 0 -> z17 _ <
c18 1 -> o17 _ <
c18 _ -> ac _ ^
c19 0 -> z18 _ <
c19 1 -> o18 _ <
c19 _ -> ac _ ^
c20 0 -> z19 _ <
c20 1 -> o19 _ <
c20 _ -> ac _ ^
c21 0 -> z20 _ <
c21 1 -> o20 _ <
c21 _ -> ac _ ^
c22 0 -> z21 _ <
c22 1 -> o21 _ <
c22 _ -> ac _ ^
c23 0 -> z22 _ <
c23 1 -> o22 _ <
c23 _ -> ac _ ^
c24 0 -> z23 _ <
c24 1 -> o23 _ <
c24 _ -> ac _ ^
c25 0 -> z24 _ <
c25 1 -> o24 _ <
c25 _ -> ac _ ^
c26 0 -> z25 _ <
c26 1 -> o25 _ <
c26 _ -> ac _ ^
c27 0 -> z26 _ <
c27 1 -> o26 _ <
c27 _ -> ac _ ^
c28 0 -> z27 _ <
c28 1 -> o27 _ <
c28 _ -> ac _ ^
c29 0 -> z28 _ <
c29 1 -> o28 _ <
c29 _ -> ac _ ^
c30 0 -> z29 _ <
c30 1 -> o29 _ <
c30 _ -> ac _ ^
c31 0 -> z30 _ <
c31 1 -> o30 _ <
c31 _ -> ac _ ^
c32 0 -> z31 _ <
c32 1 -> o31 _ <
c32 _ -> ac _ ^
c33 0 -> z32 _ <
c33 1 -> o32 _ <
c33 _ -> ac _ ^
c34 0 -> z33 _ <
c34 1 -> o33 _ <
c34 _ -> ac _ ^
c35 0 -> z34 _ <
c35 1 -> o34 _ <
c35 _ -> ac _ ^
c36 0 -> z35 _ <
c36 1 -> o35 _ <
c36 _ -> ac _ ^
c37 0 -> z36 _ <
c37 1 -> o36 _ <
c37 _ -> ac _ ^
c38 0 -> z37 _ <
c38 1 -> o37 _ <
c38 _ -> ac _ ^
c39 0 -> z38 _ <
c39 1 -> o38 _ <
c39 _ -> ac _ ^
c40 0 -> z39 _ <
c40 1 -> o39 _ <
c40 _ -> ac _ ^
c41 0 -> z40 _ <
c41 1 -> o40 _ <
c41 _ -> ac _ ^
c42 0 -> z41 _ <
c42 1 -> o41 _ <
c42 _ -> ac _ ^
c43 0 -> z42 _ <
c43 1 -> o42 _ <
c43 _ -> ac _ ^
c44 0 -> z43 _ <
c44 1 -> o43 _ <
c44 _ -> ac _ ^
c45 0 -> z44 _ <
c45 1 -> o44 _ <
c45 _ -> ac _ ^
c46 0 -> z45 _ <
c46 1 -> o45 _ <
c46 _ -> ac _ ^
c47 0 -> z46 _ <
c47 1 -> o46 _ <
c47 _ -> ac _ ^
c48 0 -> z47 _ <
c48 1 -> o47 _ <
c48 _ -> ac _ ^
c49 0 -> z48 _ <
c49 1 -> o48 _ <
c49 _ -> ac _ ^
c50 0 -> z49 _ <
c50 1 -> o49 _ <
c50 _ -> ac _ ^
z1 0 -> z0 0 <
z1 1 -> z0 1 <
o1 0 -> o0 0 <
o1 1 -> o0 1 <
z2 0 -> z1 0 <
z2 1 -> z1 1 <
o2 0 -> o1 0 <
o2 1 -> o1 1 <
z3 0 -> z2 0 <
z3 1 -> z2 1 <
o3 0 -> o2 0 <
o3 1 -> o2 1 <
z4 0 -> z3 0 <
z4 1 -> z3 1 <
o4 0 -> o3 0 <
o4 1 -> o3 1 <
z5 0 -> z4 0 <
z5 1 -> z4 1 <
o5 0 -> o4 0 <
o5 1 -> o4 1 <
z6 0 -> z5 0 <
z6 1 -> z5 1 <
o6 0 -> o5 0 <
o6 1 -> o5 1 <
z7 0 -> z6 0 <
z7 1 -> z6 1 <
o7 0 -> o6 0 <
o7 1 -> o6 1 <
z8 0 -> z7 0 <
z8 1 -> z7 1 <
o8 0 -> o7 0 <
o8 1 -> o7 1 <
z9 0 -> z8 0 <
z9 1 -> z8 1 <
o9 0 -> o8 0 <
o9 1 -> o8 1 <
z10 0 -> z9 0 <
z10 1 -> z9 1 <
o10 0 -> o9 0 <
o10 1 -> o9 1 <
z11 0 -> z10 0 <
z11 1 -> z10 1 <
o11 0 -> o10 0 <
o11 1 -> o10 1 <
z12 0 -> z11 0 <
z12 1 -> z11 1 <
o12 0 -> o11 0 <
o12 1 -> o11 1 <
z13 0 -> z12 0 <
z13 1 -> z12 1 <
o13 0 -> o12 0 <
o13 1 -> o12 1 <
z14 0 -> z13 0 <
z14 1 -> z13 1 <
o14 0 -> o13 0 <
o14 1 -> o13 1 <
z15 0 -> z14 0 <
z15 1 -> z14 1 <
o15 0 -> o14 0 <
o15 1 -> o14 1 <
z16 0 -> z15 0 <
z16 1 -> z15 1 <
o16 0 -> o15 0 <
o16 1 -> o15 1 <
z17 0 -> z16 0 <
z17 1 -> z16 1 <
o17 0 -> o16 0 <
o17 1 -> o16 1 <
z18 0 -> z17 0 <
z18 1 -> z17 1 <
o18 0 -> o17 0 <
o18 1 -> o17 1 <
z19 0 -> z18 0 <
z19 1 -> z18 1 <
o19 0 -> o18 0 <
o19 1 -> o18 1 <
z20 0 -> z19 0 <
z20 1 -> z19 1 <
o20 0 -> o19 0 <
o20 1 -> o19 1 <
z21 0 -> z20 0 <
z21 1 -> z20 1 <
o21 0 -> o20 0 <
o21 1 -> o20 1 <
z22 0 -> z21 0 <
z22 1 -> z21 1 <
o22 0 -> o21 0 <
o22 1 -> o21 1 <
z23 0 -> z22 0 <
z23 1 -> z22 1 <
o23 0 -> o22 0 <
o23 1 -> o22 1 <
z24 0 -> z23 0 <
z24 1 -> z23 1 <
o24 0 -> o23 0 <
o24 1 -> o23 1 <
z25 0 -> z24 0 <
z25 1 -> z24 1 <
o25 0 -> o24 0 <
o25 1 -> o24 1 <
z26 0 -> z25 0 <
z26 1 -> z25 1 <
o26 0 -> o25 0 <
o26 1 -> o25 1 <
z27 0 -> z26 0 <
z27 1 -> z26 1 <
o27 0 -> o26 0 <
o27 1 -> o26 1 <
z28 0 -> z27 0 <
z28 1 -> z27 1 <
o28 0 -> o27 0 <
o28 1 -> o27 1 <
z29 0 -> z28 0 <
z29 1 -> z28 1 <
o29 0 -> o28 0 <
o29 1 -> o28 1 <
z30 0 -> z29 0 <
z30 1 -> z29 1 <
o30 0 -> o29 0 <
o30 1 -> o29 1 <
z31 0 -> z30 0 <
z31 1 -> z30 1 <
o31 0 -> o30 0 <
o31 1 -> o30 1 <
z32 0 -> z31 0 <
z32 1 -> z31 1 <
o32 0 -> o31 0 <
o32 1 -> o31 1 <
z33 0 -> z32 0 <
z33 1 -> z32 1 <
o33 0 -> o32 0 <
o33 1 -> o32 1 <
z34 0 -> z33 0 <
z34 1 -> z33 1 <
o34 0 -> o33 0 <
o34 1 -> o33 1 <
z35 0 -> z34 0 <
z35 1 -> z34 1 <
o35 0 -> o34 0 <
o35 1 -> o34 1 <
z36 0 -> z35 0 <
z36 1 -> z35 1 <
o36 0 -> o35 0 <
o36 1 -> o35 1 <
z37 0 -> z36 0 <
z37 1 -> z36 1 <
o37 0 -> o36 0 <
o37 1 -> o36 1 <
z38 0 -> z37 0 <
z38 1 -> z37 1 <
o38 0 -> o37 0 <
o38 1 -> o37 1 <
z39 0 -> z38 0 <
z39 1 -> z38 1 <
o39 0 -> o38 0 <
o39 1 -> o38 1 <
z40 0 -> z39 0 <
z40 1 -> z39 1 <
o40 0 -> o39 0 <
o40 1 -> o39 1 <
z41 0 -> z40 0 <
z41 1 -> z40 1 <
o41 0 -> o40 0 <
o41 1 -> o40 1 <
z42 0 -> z41 0 <
z42 1 -> z41 1 <
o42 0 -> o41 0 <
o42 1 -> o41 1 <
z43 0 -> z42 0 <
z43 1 -> z42 1 <
o43 0 -> o42 0 <
o43 1 -> o42 1 <
z44 0 -> z43 0 <
z44 1 -> z43 1 <
o44 0 -> o43 0 <
o44 1 -> o43 1 <
z45 0 -> z44 0 <
z45 1 -> z44 1 <
o45 0 -> o44 0 <
o45 1 -> o44 1 <
z46 0 -> z45 0 <
z46 1 -> z45 1 <
o46 0 -> o45 0 <
o46 1 -> o45 1 <
z47 0 -> z46 0 <
z47 1 -> z46 1 <
o47 0 -> o46 0 <
o47 1 -> o46 1 <
z48 0 -> z47 0 <
z48 1 -> z47 1 <
o48 0 -> o47 0 <
o48 1 -> o47 1 <
z49 0 -> z48 0 <
z49 1 -> z48 1 <
o49 0 -> o48 0 <
o49 1 -> o48 1 <
z50 0 -> z49 0 <
z50 1 -> z49 1 <
o50 0 -> o49 0 <
o50 1 -> o49 1 <
z0 _ -> ac _ ^
o0 _ -> ac _ ^
z0 1 -> rj _ ^
o0 0 -> rj _ ^
z0 0 -> s1 0 >
o0 1 -> s1 1 >
s1 0 -> s2 0 >
s1 1 -> s2 1 >
s1 _ -> c1 _ <
s2 0 -> s3 0 >
s2 1 -> s3 1 >
s2 _ -> c2 _ <
s3 0 -> s4 0 >
s3 1 -> s4 1 >
s3 _ -> c3 _ <
s4 0 -> s5 0 >
s4 1 -> s5 1 >
s4 _ -> c4 _ <
s5 0 -> s6 0 >
s5 1 -> s6 1 >
s5 _ -> c5 _ <
s6 0 -> s7 0 >
s6 1 -> s7 1 >
s6 _ -> c6 _ <
s7 0 -> s8 0 >
s7 1 -> s8 1 >
s7 _ -> c7 _ <
s8 0 -> s9 0 >
s8 1 -> s9 1 >
s8 _ -> c8 _ <
s9 0 -> s10 0 >
s9 1 -> s10 1 >
s9 _ -> c9 _ <
s10 0 -> s11 0 >
s10 1 -> s11 1 >
s10 _ -> c10 _ <
s11 0 -> s12 0 >
s11 1 -> s12 1 >
s11 _ -> c11 _ <
s12 0 -> s13 0 >
s12 1 -> s13 1 >
s12 _ -> c12 _ <
s13 0 -> s14 0 >
s13 1 -> s14 1 >
s13 _ -> c13 _ <
s14 0 -> s15 0 >
s14 1 -> s15 1 >
s14 _ -> c14 _ <
s15 0 -> s16 0 >
s15 1 -> s16 1 >
s15 _ -> c15 _ <
s16 0 -> s17 0 >
s16 1 -> s17 1 >
s16 _ -> c16 _ <
s17 0 -> s18 0 >
s17 1 -> s18 1 >
s17 _ -> c17 _ <
s18 0 -> s19 0 >
s18 1 -> s19 1 >
s18 _ -> c18 _ <
s19 0 -> s20 0 >
s19 1 -> s20 1 >
s19 _ -> c19 _ <
s20 0 -> s21 0 >
s20 1 -> s21 1 >
s20 _ -> c20 _ <
s21 0 -> s22 0 >
s21 1 -> s22 1 >
s21 _ -> c21 _ <
s22 0 -> s23 0 >
s22 1 -> s23 1 >
s22 _ -> c22 _ <
s23 0 -> s24 0 >
s23 1 -> s24 1 >
s23 _ -> c23 _ <
s24 0 -> s25 0 >
s24 1 -> s25 1 >
s24 _ -> c24 _ <
s25 0 -> s26 0 >
s25 1 -> s26 1 >
s25 _ -> c25 _ <
s26 0 -> s27 0 >
s26 1 -> s27 1 >
s26 _ -> c26 _ <
s27 0 -> s28 0 >
s27 1 -> s28 1 >
s27 _ -> c27 _ <
s28 0 -> s29 0 >
s28 1 -> s29 1 >
s28 _ -> c28 _ <
s29 0 -> s30 0 >
s29 1 -> s30 1 >
s29 _ -> c29 _ <
s30 0 -> s31 0 >
s30 1 -> s31 1 >
s30 _ -> c30 _ <
s31 0 -> s32 0 >
s31 1 -> s32 1 >
s31 _ -> c31 _ <
s32 0 -> s33 0 >
s32 1 -> s33 1 >
s32 _ -> c32 _ <
s33 0 -> s34 0 >
s33 1 -> s34 1 >
s33 _ -> c33 _ <
s34 0 -> s35 0 >
s34 1 -> s35 1 >
s34 _ -> c34 _ <
s35 0 -> s36 0 >
s35 1 -> s36 1 >
s35 _ -> c35 _ <
s36 0 -> s37 0 >
s36 1 -> s37 1 >
s36 _ -> c36 _ <
s37 0 -> s38 0 >
s37 1 -> s38 1 >
s37 _ -> c37 _ <
s38 0 -> s39 0 >
s38 1 -> s39 1 >
s38 _ -> c38 _ <
s39 0 -> s40 0 >
s39 1 -> s40 1 >
s39 _ -> c39 _ <
s40 0 -> s41 0 >
s40 1 -> s41 1 >
s40 _ -> c40 _ <
s41 0 -> s42 0 >
s41 1 -> s42 1 >
s41 _ -> c41 _ <
s42 0 -> s43 0 >
s42 1 -> s43 1 >
s42 _ -> c42 _ <
s43 0 -> s44 0 >
s43 1 -> s44 1 >
s43 _ -> c43 _ <
s44 0 -> s45 0 >
s44 1 -> s45 1 >
s44 _ -> c44 _ <
s45 0 -> s46 0 >
s45 1 -> s46 1 >
s45 _ -> c45 _ <
s46 0 -> s47 0 >
s46 1 -> s47 1 >
s46 _ -> c46 _ <
s47 0 -> s48 0 >
s47 1 -> s48 1 >
s47 _ -> c47 _ <
s48 0 -> s49 0 >
s48 1 -> s49 1 >
s48 _ -> c48 _ <
s49 0 -> s50 0 >
s49 1 -> s50 1 >
s49 _ -> c49 _ <
s50 _ -> c50 _ <
