2
check _ _ -> finish _ < _ ^
check _ + -> again _ < _ >
finish 0 _ -> finish 0 < _ ^
finish 1 _ -> finish 1 < _ ^
finish | _ -> finish | < _ ^
finish _ _ -> AC _ > _ ^
again 0 _ -> again 0 < _ ^
again 1 _ -> again 1 < _ ^
again | _ -> again | < _ ^
again _ _ -> a0 _ > _ ^
S 1 _ -> cas 1 > _ ^
S 0 _ -> cas 0 > _ ^
cas | _ -> again | < _ >
cas 0 _ -> cas 0 > _ ^
cas 1 _ -> cas 1 > _ ^
cas _ _ -> finish _ < _ ^
prev 0 _ -> prev 0 < _ ^
prev 1 _ -> prev 1 < _ ^
prev | _ -> a0 | > _ ^
a0 0 _ -> a1 0 > _ ^
a0 1 _ -> a1 1 > _ ^
a0 | _ -> a0b0 | > _ ^
a0b0 0 _ -> a0b1 0 > _ ^
a0b0 1 _ -> a0b1 1 > _ ^
a0b0 | _ -> cmp | < _ ^
a0b0 _ _ -> cmplast _ < _ ^
a0b1 0 _ -> a0b2 0 > _ ^
a0b1 1 _ -> a0b2 1 > _ ^
a0b1 | _ -> prev | < _ ^
a0b1 _ _ -> check _ ^ _ <
a0b2 0 _ -> a0b3 0 > _ ^
a0b2 1 _ -> a0b3 1 > _ ^
a0b2 | _ -> prev | < _ ^
a0b2 _ _ -> check _ ^ _ <
a0b3 0 _ -> a0b4 0 > _ ^
a0b3 1 _ -> a0b4 1 > _ ^
a0b3 | _ -> prev | < _ ^
a0b3 _ _ -> check _ ^ _ <
a0b4 0 _ -> a0b5 0 > _ ^
a0b4 1 _ -> a0b5 1 > _ ^
a0b4 | _ -> prev | < _ ^
a0b4 _ _ -> check _ ^ _ <
a0b5 0 _ -> a0b6 0 > _ ^
a0b5 1 _ -> a0b6 1 > _ ^
a0b5 | _ -> prev | < _ ^
a0b5 _ _ -> check _ ^ _ <
a0b6 0 _ -> a0b7 0 > _ ^
a0b6 1 _ -> a0b7 1 > _ ^
a0b6 | _ -> prev | < _ ^
a0b6 _ _ -> check _ ^ _ <
a0b7 0 _ -> a0b8 0 > _ ^
a0b7 1 _ -> a0b8 1 > _ ^
a0b7 | _ -> prev | < _ ^
a0b7 _ _ -> check _ ^ _ <
a0b8 0 _ -> a0b9 0 > _ ^
a0b8 1 _ -> a0b9 1 > _ ^
a0b8 | _ -> prev | < _ ^
a0b8 _ _ -> check _ ^ _ <
a0b9 0 _ -> a0b10 0 > _ ^
a0b9 1 _ -> a0b10 1 > _ ^
a0b9 | _ -> prev | < _ ^
a0b9 _ _ -> check _ ^ _ <
a0b10 0 _ -> a0b11 0 > _ ^
a0b10 1 _ -> a0b11 1 > _ ^
a0b10 | _ -> prev | < _ ^
a0b10 _ _ -> check _ ^ _ <
a1 0 _ -> a2 0 > _ ^
a1 1 _ -> a2 1 > _ ^
a1 | _ -> a1b0 | > _ ^
a1b0 0 _ -> a1b1 0 > _ ^
a1b0 1 _ -> a1b1 1 > _ ^
a1b0 | _ -> swap | < _ ^
a1b0 _ _ -> swaplast _ < _ ^
a1b1 0 _ -> a1b2 0 > _ ^
a1b1 1 _ -> a1b2 1 > _ ^
a1b1 | _ -> cmp | < _ ^
a1b1 _ _ -> cmplast _ < _ ^
a1b2 0 _ -> a1b3 0 > _ ^
a1b2 1 _ -> a1b3 1 > _ ^
a1b2 | _ -> prev | < _ ^
a1b2 _ _ -> check _ ^ _ <
a1b3 0 _ -> a1b4 0 > _ ^
a1b3 1 _ -> a1b4 1 > _ ^
a1b3 | _ -> prev | < _ ^
a1b3 _ _ -> check _ ^ _ <
a1b4 0 _ -> a1b5 0 > _ ^
a1b4 1 _ -> a1b5 1 > _ ^
a1b4 | _ -> prev | < _ ^
a1b4 _ _ -> check _ ^ _ <
a1b5 0 _ -> a1b6 0 > _ ^
a1b5 1 _ -> a1b6 1 > _ ^
a1b5 | _ -> prev | < _ ^
a1b5 _ _ -> check _ ^ _ <
a1b6 0 _ -> a1b7 0 > _ ^
a1b6 1 _ -> a1b7 1 > _ ^
a1b6 | _ -> prev | < _ ^
a1b6 _ _ -> check _ ^ _ <
a1b7 0 _ -> a1b8 0 > _ ^
a1b7 1 _ -> a1b8 1 > _ ^
a1b7 | _ -> prev | < _ ^
a1b7 _ _ -> check _ ^ _ <
a1b8 0 _ -> a1b9 0 > _ ^
a1b8 1 _ -> a1b9 1 > _ ^
a1b8 | _ -> prev | < _ ^
a1b8 _ _ -> check _ ^ _ <
a1b9 0 _ -> a1b10 0 > _ ^
a1b9 1 _ -> a1b10 1 > _ ^
a1b9 | _ -> prev | < _ ^
a1b9 _ _ -> check _ ^ _ <
a1b10 0 _ -> a1b11 0 > _ ^
a1b10 1 _ -> a1b11 1 > _ ^
a1b10 | _ -> prev | < _ ^
a1b10 _ _ -> check _ ^ _ <
a2 0 _ -> a3 0 > _ ^
a2 1 _ -> a3 1 > _ ^
a2 | _ -> a2b0 | > _ ^
a2b0 0 _ -> a2b1 0 > _ ^
a2b0 1 _ -> a2b1 1 > _ ^
a2b0 | _ -> swap | < _ ^
a2b0 _ _ -> swaplast _ < _ ^
a2b1 0 _ -> a2b2 0 > _ ^
a2b1 1 _ -> a2b2 1 > _ ^
a2b1 | _ -> swap | < _ ^
a2b1 _ _ -> swaplast _ < _ ^
a2b2 0 _ -> a2b3 0 > _ ^
a2b2 1 _ -> a2b3 1 > _ ^
a2b2 | _ -> cmp | < _ ^
a2b2 _ _ -> cmplast _ < _ ^
a2b3 0 _ -> a2b4 0 > _ ^
a2b3 1 _ -> a2b4 1 > _ ^
a2b3 | _ -> prev | < _ ^
a2b3 _ _ -> check _ ^ _ <
a2b4 0 _ -> a2b5 0 > _ ^
a2b4 1 _ -> a2b5 1 > _ ^
a2b4 | _ -> prev | < _ ^
a2b4 _ _ -> check _ ^ _ <
a2b5 0 _ -> a2b6 0 > _ ^
a2b5 1 _ -> a2b6 1 > _ ^
a2b5 | _ -> prev | < _ ^
a2b5 _ _ -> check _ ^ _ <
a2b6 0 _ -> a2b7 0 > _ ^
a2b6 1 _ -> a2b7 1 > _ ^
a2b6 | _ -> prev | < _ ^
a2b6 _ _ -> check _ ^ _ <
a2b7 0 _ -> a2b8 0 > _ ^
a2b7 1 _ -> a2b8 1 > _ ^
a2b7 | _ -> prev | < _ ^
a2b7 _ _ -> check _ ^ _ <
a2b8 0 _ -> a2b9 0 > _ ^
a2b8 1 _ -> a2b9 1 > _ ^
a2b8 | _ -> prev | < _ ^
a2b8 _ _ -> check _ ^ _ <
a2b9 0 _ -> a2b10 0 > _ ^
a2b9 1 _ -> a2b10 1 > _ ^
a2b9 | _ -> prev | < _ ^
a2b9 _ _ -> check _ ^ _ <
a2b10 0 _ -> a2b11 0 > _ ^
a2b10 1 _ -> a2b11 1 > _ ^
a2b10 | _ -> prev | < _ ^
a2b10 _ _ -> check _ ^ _ <
a3 0 _ -> a4 0 > _ ^
a3 1 _ -> a4 1 > _ ^
a3 | _ -> a3b0 | > _ ^
a3b0 0 _ -> a3b1 0 > _ ^
a3b0 1 _ -> a3b1 1 > _ ^
a3b0 | _ -> swap | < _ ^
a3b0 _ _ -> swaplast _ < _ ^
a3b1 0 _ -> a3b2 0 > _ ^
a3b1 1 _ -> a3b2 1 > _ ^
a3b1 | _ -> swap | < _ ^
a3b1 _ _ -> swaplast _ < _ ^
a3b2 0 _ -> a3b3 0 > _ ^
a3b2 1 _ -> a3b3 1 > _ ^
a3b2 | _ -> swap | < _ ^
a3b2 _ _ -> swaplast _ < _ ^
a3b3 0 _ -> a3b4 0 > _ ^
a3b3 1 _ -> a3b4 1 > _ ^
a3b3 | _ -> cmp | < _ ^
a3b3 _ _ -> cmplast _ < _ ^
a3b4 0 _ -> a3b5 0 > _ ^
a3b4 1 _ -> a3b5 1 > _ ^
a3b4 | _ -> prev | < _ ^
a3b4 _ _ -> check _ ^ _ <
a3b5 0 _ -> a3b6 0 > _ ^
a3b5 1 _ -> a3b6 1 > _ ^
a3b5 | _ -> prev | < _ ^
a3b5 _ _ -> check _ ^ _ <
a3b6 0 _ -> a3b7 0 > _ ^
a3b6 1 _ -> a3b7 1 > _ ^
a3b6 | _ -> prev | < _ ^
a3b6 _ _ -> check _ ^ _ <
a3b7 0 _ -> a3b8 0 > _ ^
a3b7 1 _ -> a3b8 1 > _ ^
a3b7 | _ -> prev | < _ ^
a3b7 _ _ -> check _ ^ _ <
a3b8 0 _ -> a3b9 0 > _ ^
a3b8 1 _ -> a3b9 1 > _ ^
a3b8 | _ -> prev | < _ ^
a3b8 _ _ -> check _ ^ _ <
a3b9 0 _ -> a3b10 0 > _ ^
a3b9 1 _ -> a3b10 1 > _ ^
a3b9 | _ -> prev | < _ ^
a3b9 _ _ -> check _ ^ _ <
a3b10 0 _ -> a3b11 0 > _ ^
a3b10 1 _ -> a3b11 1 > _ ^
a3b10 | _ -> prev | < _ ^
a3b10 _ _ -> check _ ^ _ <
a4 0 _ -> a5 0 > _ ^
a4 1 _ -> a5 1 > _ ^
a4 | _ -> a4b0 | > _ ^
a4b0 0 _ -> a4b1 0 > _ ^
a4b0 1 _ -> a4b1 1 > _ ^
a4b0 | _ -> swap | < _ ^
a4b0 _ _ -> swaplast _ < _ ^
a4b1 0 _ -> a4b2 0 > _ ^
a4b1 1 _ -> a4b2 1 > _ ^
a4b1 | _ -> swap | < _ ^
a4b1 _ _ -> swaplast _ < _ ^
a4b2 0 _ -> a4b3 0 > _ ^
a4b2 1 _ -> a4b3 1 > _ ^
a4b2 | _ -> swap | < _ ^
a4b2 _ _ -> swaplast _ < _ ^
a4b3 0 _ -> a4b4 0 > _ ^
a4b3 1 _ -> a4b4 1 > _ ^
a4b3 | _ -> swap | < _ ^
a4b3 _ _ -> swaplast _ < _ ^
a4b4 0 _ -> a4b5 0 > _ ^
a4b4 1 _ -> a4b5 1 > _ ^
a4b4 | _ -> cmp | < _ ^
a4b4 _ _ -> cmplast _ < _ ^
a4b5 0 _ -> a4b6 0 > _ ^
a4b5 1 _ -> a4b6 1 > _ ^
a4b5 | _ -> prev | < _ ^
a4b5 _ _ -> check _ ^ _ <
a4b6 0 _ -> a4b7 0 > _ ^
a4b6 1 _ -> a4b7 1 > _ ^
a4b6 | _ -> prev | < _ ^
a4b6 _ _ -> check _ ^ _ <
a4b7 0 _ -> a4b8 0 > _ ^
a4b7 1 _ -> a4b8 1 > _ ^
a4b7 | _ -> prev | < _ ^
a4b7 _ _ -> check _ ^ _ <
a4b8 0 _ -> a4b9 0 > _ ^
a4b8 1 _ -> a4b9 1 > _ ^
a4b8 | _ -> prev | < _ ^
a4b8 _ _ -> check _ ^ _ <
a4b9 0 _ -> a4b10 0 > _ ^
a4b9 1 _ -> a4b10 1 > _ ^
a4b9 | _ -> prev | < _ ^
a4b9 _ _ -> check _ ^ _ <
a4b10 0 _ -> a4b11 0 > _ ^
a4b10 1 _ -> a4b11 1 > _ ^
a4b10 | _ -> prev | < _ ^
a4b10 _ _ -> check _ ^ _ <
a5 0 _ -> a6 0 > _ ^
a5 1 _ -> a6 1 > _ ^
a5 | _ -> a5b0 | > _ ^
a5b0 0 _ -> a5b1 0 > _ ^
a5b0 1 _ -> a5b1 1 > _ ^
a5b0 | _ -> swap | < _ ^
a5b0 _ _ -> swaplast _ < _ ^
a5b1 0 _ -> a5b2 0 > _ ^
a5b1 1 _ -> a5b2 1 > _ ^
a5b1 | _ -> swap | < _ ^
a5b1 _ _ -> swaplast _ < _ ^
a5b2 0 _ -> a5b3 0 > _ ^
a5b2 1 _ -> a5b3 1 > _ ^
a5b2 | _ -> swap | < _ ^
a5b2 _ _ -> swaplast _ < _ ^
a5b3 0 _ -> a5b4 0 > _ ^
a5b3 1 _ -> a5b4 1 > _ ^
a5b3 | _ -> swap | < _ ^
a5b3 _ _ -> swaplast _ < _ ^
a5b4 0 _ -> a5b5 0 > _ ^
a5b4 1 _ -> a5b5 1 > _ ^
a5b4 | _ -> swap | < _ ^
a5b4 _ _ -> swaplast _ < _ ^
a5b5 0 _ -> a5b6 0 > _ ^
a5b5 1 _ -> a5b6 1 > _ ^
a5b5 | _ -> cmp | < _ ^
a5b5 _ _ -> cmplast _ < _ ^
a5b6 0 _ -> a5b7 0 > _ ^
a5b6 1 _ -> a5b7 1 > _ ^
a5b6 | _ -> prev | < _ ^
a5b6 _ _ -> check _ ^ _ <
a5b7 0 _ -> a5b8 0 > _ ^
a5b7 1 _ -> a5b8 1 > _ ^
a5b7 | _ -> prev | < _ ^
a5b7 _ _ -> check _ ^ _ <
a5b8 0 _ -> a5b9 0 > _ ^
a5b8 1 _ -> a5b9 1 > _ ^
a5b8 | _ -> prev | < _ ^
a5b8 _ _ -> check _ ^ _ <
a5b9 0 _ -> a5b10 0 > _ ^
a5b9 1 _ -> a5b10 1 > _ ^
a5b9 | _ -> prev | < _ ^
a5b9 _ _ -> check _ ^ _ <
a5b10 0 _ -> a5b11 0 > _ ^
a5b10 1 _ -> a5b11 1 > _ ^
a5b10 | _ -> prev | < _ ^
a5b10 _ _ -> check _ ^ _ <
a6 0 _ -> a7 0 > _ ^
a6 1 _ -> a7 1 > _ ^
a6 | _ -> a6b0 | > _ ^
a6b0 0 _ -> a6b1 0 > _ ^
a6b0 1 _ -> a6b1 1 > _ ^
a6b0 | _ -> swap | < _ ^
a6b0 _ _ -> swaplast _ < _ ^
a6b1 0 _ -> a6b2 0 > _ ^
a6b1 1 _ -> a6b2 1 > _ ^
a6b1 | _ -> swap | < _ ^
a6b1 _ _ -> swaplast _ < _ ^
a6b2 0 _ -> a6b3 0 > _ ^
a6b2 1 _ -> a6b3 1 > _ ^
a6b2 | _ -> swap | < _ ^
a6b2 _ _ -> swaplast _ < _ ^
a6b3 0 _ -> a6b4 0 > _ ^
a6b3 1 _ -> a6b4 1 > _ ^
a6b3 | _ -> swap | < _ ^
a6b3 _ _ -> swaplast _ < _ ^
a6b4 0 _ -> a6b5 0 > _ ^
a6b4 1 _ -> a6b5 1 > _ ^
a6b4 | _ -> swap | < _ ^
a6b4 _ _ -> swaplast _ < _ ^
a6b5 0 _ -> a6b6 0 > _ ^
a6b5 1 _ -> a6b6 1 > _ ^
a6b5 | _ -> swap | < _ ^
a6b5 _ _ -> swaplast _ < _ ^
a6b6 0 _ -> a6b7 0 > _ ^
a6b6 1 _ -> a6b7 1 > _ ^
a6b6 | _ -> cmp | < _ ^
a6b6 _ _ -> cmplast _ < _ ^
a6b7 0 _ -> a6b8 0 > _ ^
a6b7 1 _ -> a6b8 1 > _ ^
a6b7 | _ -> prev | < _ ^
a6b7 _ _ -> check _ ^ _ <
a6b8 0 _ -> a6b9 0 > _ ^
a6b8 1 _ -> a6b9 1 > _ ^
a6b8 | _ -> prev | < _ ^
a6b8 _ _ -> check _ ^ _ <
a6b9 0 _ -> a6b10 0 > _ ^
a6b9 1 _ -> a6b10 1 > _ ^
a6b9 | _ -> prev | < _ ^
a6b9 _ _ -> check _ ^ _ <
a6b10 0 _ -> a6b11 0 > _ ^
a6b10 1 _ -> a6b11 1 > _ ^
a6b10 | _ -> prev | < _ ^
a6b10 _ _ -> check _ ^ _ <
a7 0 _ -> a8 0 > _ ^
a7 1 _ -> a8 1 > _ ^
a7 | _ -> a7b0 | > _ ^
a7b0 0 _ -> a7b1 0 > _ ^
a7b0 1 _ -> a7b1 1 > _ ^
a7b0 | _ -> swap | < _ ^
a7b0 _ _ -> swaplast _ < _ ^
a7b1 0 _ -> a7b2 0 > _ ^
a7b1 1 _ -> a7b2 1 > _ ^
a7b1 | _ -> swap | < _ ^
a7b1 _ _ -> swaplast _ < _ ^
a7b2 0 _ -> a7b3 0 > _ ^
a7b2 1 _ -> a7b3 1 > _ ^
a7b2 | _ -> swap | < _ ^
a7b2 _ _ -> swaplast _ < _ ^
a7b3 0 _ -> a7b4 0 > _ ^
a7b3 1 _ -> a7b4 1 > _ ^
a7b3 | _ -> swap | < _ ^
a7b3 _ _ -> swaplast _ < _ ^
a7b4 0 _ -> a7b5 0 > _ ^
a7b4 1 _ -> a7b5 1 > _ ^
a7b4 | _ -> swap | < _ ^
a7b4 _ _ -> swaplast _ < _ ^
a7b5 0 _ -> a7b6 0 > _ ^
a7b5 1 _ -> a7b6 1 > _ ^
a7b5 | _ -> swap | < _ ^
a7b5 _ _ -> swaplast _ < _ ^
a7b6 0 _ -> a7b7 0 > _ ^
a7b6 1 _ -> a7b7 1 > _ ^
a7b6 | _ -> swap | < _ ^
a7b6 _ _ -> swaplast _ < _ ^
a7b7 0 _ -> a7b8 0 > _ ^
a7b7 1 _ -> a7b8 1 > _ ^
a7b7 | _ -> cmp | < _ ^
a7b7 _ _ -> cmplast _ < _ ^
a7b8 0 _ -> a7b9 0 > _ ^
a7b8 1 _ -> a7b9 1 > _ ^
a7b8 | _ -> prev | < _ ^
a7b8 _ _ -> check _ ^ _ <
a7b9 0 _ -> a7b10 0 > _ ^
a7b9 1 _ -> a7b10 1 > _ ^
a7b9 | _ -> prev | < _ ^
a7b9 _ _ -> check _ ^ _ <
a7b10 0 _ -> a7b11 0 > _ ^
a7b10 1 _ -> a7b11 1 > _ ^
a7b10 | _ -> prev | < _ ^
a7b10 _ _ -> check _ ^ _ <
a8 0 _ -> a9 0 > _ ^
a8 1 _ -> a9 1 > _ ^
a8 | _ -> a8b0 | > _ ^
a8b0 0 _ -> a8b1 0 > _ ^
a8b0 1 _ -> a8b1 1 > _ ^
a8b0 | _ -> swap | < _ ^
a8b0 _ _ -> swaplast _ < _ ^
a8b1 0 _ -> a8b2 0 > _ ^
a8b1 1 _ -> a8b2 1 > _ ^
a8b1 | _ -> swap | < _ ^
a8b1 _ _ -> swaplast _ < _ ^
a8b2 0 _ -> a8b3 0 > _ ^
a8b2 1 _ -> a8b3 1 > _ ^
a8b2 | _ -> swap | < _ ^
a8b2 _ _ -> swaplast _ < _ ^
a8b3 0 _ -> a8b4 0 > _ ^
a8b3 1 _ -> a8b4 1 > _ ^
a8b3 | _ -> swap | < _ ^
a8b3 _ _ -> swaplast _ < _ ^
a8b4 0 _ -> a8b5 0 > _ ^
a8b4 1 _ -> a8b5 1 > _ ^
a8b4 | _ -> swap | < _ ^
a8b4 _ _ -> swaplast _ < _ ^
a8b5 0 _ -> a8b6 0 > _ ^
a8b5 1 _ -> a8b6 1 > _ ^
a8b5 | _ -> swap | < _ ^
a8b5 _ _ -> swaplast _ < _ ^
a8b6 0 _ -> a8b7 0 > _ ^
a8b6 1 _ -> a8b7 1 > _ ^
a8b6 | _ -> swap | < _ ^
a8b6 _ _ -> swaplast _ < _ ^
a8b7 0 _ -> a8b8 0 > _ ^
a8b7 1 _ -> a8b8 1 > _ ^
a8b7 | _ -> swap | < _ ^
a8b7 _ _ -> swaplast _ < _ ^
a8b8 0 _ -> a8b9 0 > _ ^
a8b8 1 _ -> a8b9 1 > _ ^
a8b8 | _ -> cmp | < _ ^
a8b8 _ _ -> cmplast _ < _ ^
a8b9 0 _ -> a8b10 0 > _ ^
a8b9 1 _ -> a8b10 1 > _ ^
a8b9 | _ -> prev | < _ ^
a8b9 _ _ -> check _ ^ _ <
a8b10 0 _ -> a8b11 0 > _ ^
a8b10 1 _ -> a8b11 1 > _ ^
a8b10 | _ -> prev | < _ ^
a8b10 _ _ -> check _ ^ _ <
a9 0 _ -> a10 0 > _ ^
a9 1 _ -> a10 1 > _ ^
a9 | _ -> a9b0 | > _ ^
a9b0 0 _ -> a9b1 0 > _ ^
a9b0 1 _ -> a9b1 1 > _ ^
a9b0 | _ -> swap | < _ ^
a9b0 _ _ -> swaplast _ < _ ^
a9b1 0 _ -> a9b2 0 > _ ^
a9b1 1 _ -> a9b2 1 > _ ^
a9b1 | _ -> swap | < _ ^
a9b1 _ _ -> swaplast _ < _ ^
a9b2 0 _ -> a9b3 0 > _ ^
a9b2 1 _ -> a9b3 1 > _ ^
a9b2 | _ -> swap | < _ ^
a9b2 _ _ -> swaplast _ < _ ^
a9b3 0 _ -> a9b4 0 > _ ^
a9b3 1 _ -> a9b4 1 > _ ^
a9b3 | _ -> swap | < _ ^
a9b3 _ _ -> swaplast _ < _ ^
a9b4 0 _ -> a9b5 0 > _ ^
a9b4 1 _ -> a9b5 1 > _ ^
a9b4 | _ -> swap | < _ ^
a9b4 _ _ -> swaplast _ < _ ^
a9b5 0 _ -> a9b6 0 > _ ^
a9b5 1 _ -> a9b6 1 > _ ^
a9b5 | _ -> swap | < _ ^
a9b5 _ _ -> swaplast _ < _ ^
a9b6 0 _ -> a9b7 0 > _ ^
a9b6 1 _ -> a9b7 1 > _ ^
a9b6 | _ -> swap | < _ ^
a9b6 _ _ -> swaplast _ < _ ^
a9b7 0 _ -> a9b8 0 > _ ^
a9b7 1 _ -> a9b8 1 > _ ^
a9b7 | _ -> swap | < _ ^
a9b7 _ _ -> swaplast _ < _ ^
a9b8 0 _ -> a9b9 0 > _ ^
a9b8 1 _ -> a9b9 1 > _ ^
a9b8 | _ -> swap | < _ ^
a9b8 _ _ -> swaplast _ < _ ^
a9b9 0 _ -> a9b10 0 > _ ^
a9b9 1 _ -> a9b10 1 > _ ^
a9b9 | _ -> cmp | < _ ^
a9b9 _ _ -> cmplast _ < _ ^
a9b10 0 _ -> a9b11 0 > _ ^
a9b10 1 _ -> a9b11 1 > _ ^
a9b10 | _ -> prev | < _ ^
a9b10 _ _ -> check _ ^ _ <
a10 0 _ -> a11 0 > _ ^
a10 1 _ -> a11 1 > _ ^
a10 | _ -> a10b0 | > _ ^
a10b0 0 _ -> a10b1 0 > _ ^
a10b0 1 _ -> a10b1 1 > _ ^
a10b0 | _ -> swap | < _ ^
a10b0 _ _ -> swaplast _ < _ ^
a10b1 0 _ -> a10b2 0 > _ ^
a10b1 1 _ -> a10b2 1 > _ ^
a10b1 | _ -> swap | < _ ^
a10b1 _ _ -> swaplast _ < _ ^
a10b2 0 _ -> a10b3 0 > _ ^
a10b2 1 _ -> a10b3 1 > _ ^
a10b2 | _ -> swap | < _ ^
a10b2 _ _ -> swaplast _ < _ ^
a10b3 0 _ -> a10b4 0 > _ ^
a10b3 1 _ -> a10b4 1 > _ ^
a10b3 | _ -> swap | < _ ^
a10b3 _ _ -> swaplast _ < _ ^
a10b4 0 _ -> a10b5 0 > _ ^
a10b4 1 _ -> a10b5 1 > _ ^
a10b4 | _ -> swap | < _ ^
a10b4 _ _ -> swaplast _ < _ ^
a10b5 0 _ -> a10b6 0 > _ ^
a10b5 1 _ -> a10b6 1 > _ ^
a10b5 | _ -> swap | < _ ^
a10b5 _ _ -> swaplast _ < _ ^
a10b6 0 _ -> a10b7 0 > _ ^
a10b6 1 _ -> a10b7 1 > _ ^
a10b6 | _ -> swap | < _ ^
a10b6 _ _ -> swaplast _ < _ ^
a10b7 0 _ -> a10b8 0 > _ ^
a10b7 1 _ -> a10b8 1 > _ ^
a10b7 | _ -> swap | < _ ^
a10b7 _ _ -> swaplast _ < _ ^
a10b8 0 _ -> a10b9 0 > _ ^
a10b8 1 _ -> a10b9 1 > _ ^
a10b8 | _ -> swap | < _ ^
a10b8 _ _ -> swaplast _ < _ ^
a10b9 0 _ -> a10b10 0 > _ ^
a10b9 1 _ -> a10b10 1 > _ ^
a10b9 | _ -> swap | < _ ^
a10b9 _ _ -> swaplast _ < _ ^
a10b10 0 _ -> a10b11 0 > _ ^
a10b10 1 _ -> a10b11 1 > _ ^
a10b10 | _ -> cmp | < _ ^
a10b10 _ _ -> cmplast _ < _ ^
swaplast 0 _ -> swap 0 ^ _ ^
swaplast 1 _ -> swap 1 ^ _ ^
swap 0 _ -> swap 2 < 0 <
swap 1 _ -> swap 2 < 1 <
swap | _ -> swapleft | ^ _ >
swap 0 + -> swap 2 < 0 <
swap 1 + -> swap 2 < 1 <
swap | + -> swapleft | ^ _ >
swapleft | 0 -> swapleft | ^ 0 >
swapleft | 1 -> swapleft | ^ 1 >
swapleft | _ -> swapleft1 2 < | >
swapleft1 0 _ -> swapleft1 0 < _ ^
swapleft1 1 _ -> swapleft1 1 < _ ^
swapleft1 | _ -> swapright | > _ ^
swapleft1 _ _ -> swapright _ > _ ^
swapright 0 _ -> swapright 2 > 0 >
swapright 1 _ -> swapright 2 > 1 >
swapright 2 _ -> swapright 2 > _ ^
swapright | _ -> swapagain | < _ <
swapright _ _ -> swapagain _ < _ <
swapagain 2 0 -> swapagain 0 < _ <
swapagain 2 1 -> swapagain 1 < _ <
swapagain 2 | -> swapagain | < _ <
swapagain _ _ -> r1 _ > + >
swapagain | _ -> r1 | > + >
r1 0 _ -> r1 0 > _ ^
r1 1 _ -> r1 1 > _ ^
r1 | _ -> r2 | > _ ^
r2 0 _ -> r2 0 > _ ^
r2 1 _ -> r2 1 > _ ^
r2 | _ -> prev | < _ ^
r2 _ _ -> check _ ^ _ <
cmplast 0 _ -> cmp 0 ^ _ ^
cmplast 1 _ -> cmp 1 ^ _ ^
cmp 0 _ -> cmp 0 < _ ^
cmp 1 _ -> cmp 1 < _ ^
cmp | _ -> cmpl | < _ ^
cmpl 0 _ -> cmpl 0 < _ ^
cmpl 1 _ -> cmpl 1 < _ ^
cmpl | _ -> comp | > _ ^
cmpl _ _ -> comp _ > _ ^
comp 0 _ -> z 2 > _ ^
z 0 _ -> z 0 > _ ^
z 1 _ -> z 1 > _ ^
z | _ -> zl | > _ ^
zl 2 _ -> zl 2 > _ ^
zl 3 _ -> zl 3 > _ ^
zl 0 _ -> el 2 < _ ^
zl 1 _ -> ll 1 < _ ^
comp 1 _ -> o 3 > _ ^
o 0 _ -> o 0 > _ ^
o 1 _ -> o 1 > _ ^
o | _ -> ol | > _ ^
ol 2 _ -> ol 2 > _ ^
ol 3 _ -> ol 3 > _ ^
ol 0 _ -> gl 0 < _ ^
ol 1 _ -> el 3 < _ ^
el 2 _ -> el 2 < _ ^
el 3 _ -> el 3 < _ ^
el | _ -> e | < _ ^
e 0 _ -> e 0 < _ ^
e 1 _ -> e 1 < _ ^
e 2 _ -> comp 2 > _ ^
e 3 _ -> comp 3 > _ ^
gl 2 _ -> gl 0 < _ ^
gl 3 _ -> gl 1 < _ ^
gl | _ -> gg | < _ ^
gg 0 _ -> gg 0 < _ ^
gg 1 _ -> gg 1 < _ ^
gg 2 _ -> gg 0 < _ ^
gg 3 _ -> gg 1 < _ ^
gg | _ -> rr1 | > _ ^
gg _ _ -> rr1 _ > _ ^
rr1 0 _ -> rr1 0 > _ ^
rr1 1 _ -> rr1 1 > _ ^
rr1 | _ -> rr2 | > _ ^
rr2 0 _ -> rr2 0 > _ ^
rr2 1 _ -> rr2 1 > _ ^
rr2 | _ -> swap | < _ ^
rr2 _ _ -> swap _ < _ ^
ll 2 _ -> ll 0 < _ ^
ll 3 _ -> ll 1 < _ ^
ll | _ -> lg | < _ ^
lg 0 _ -> lg 0 < _ ^
lg 1 _ -> lg 1 < _ ^
lg 2 _ -> lg 0 < _ ^
lg 3 _ -> lg 1 < _ ^
lg | _ -> lr1 | > _ ^
lg _ _ -> lr1 _ > _ ^
lr1 0 _ -> lr1 0 > _ ^
lr1 1 _ -> lr1 1 > _ ^
lr1 | _ -> lr2 | > _ ^
lr2 0 _ -> lr2 0 > _ ^
lr2 1 _ -> lr2 1 > _ ^
lr2 | _ -> prev | < _ ^
lr2 _ _ -> check _ ^ _ <
comp | _ -> ul | < _ ^
ul 2 _ -> ul 0 < _ ^
ul 3 _ -> ul 1 < _ ^
ul | _ -> ur | > _ ^
ul _ _ -> ur _ > _ ^
ur 0 _ -> ur 0 > _ ^
ur 1 _ -> ur 1 > _ ^
ur | _ -> urr | > _ ^
urr 2 _ -> urr 0 > _ ^
urr 3 _ -> urr 1 > _ ^
urr | _ -> prev | < _ ^
urr _ _ -> check _ ^ _ <
