start: mr
accept: ac
reject: rj
blank: _
mr 0 -> mr 0 >
mr 1 -> mr 1 >
mr * -> mr * >
mr + -> mr + >
mr _ -> sr _ <
sr 1 -> sr1 0 <
sr 0 -> sr 1 <
sr1 0 -> sr1 0 <
sr1 1 -> sr1 1 <
sr1 * -> set_plus * <
set_plus 0 -> set_plus 0 <
set_plus 1 -> set_plus 1 <
set_plus + -> set_plus + <
set_plus _ -> copyr + >
copyr 0 -> copyr 0 >
copyr 1 -> copyr 1 >
copyr 2 -> copyl 0 <
copyr 3 -> copyl 1 <
copyr * -> copyl * <
copyr + -> copyl + <
copyl 0 -> zc 2 <
zc 0 -> zc 0 <
zc 1 -> zc 1 <
zc + -> zc + <
zc _ -> go_plus 0 >
oc 0 -> oc 0 <
oc 1 -> oc 1 <
oc + -> oc + <
oc _ -> go_plus 1 >
go_plus 0 -> go_plus 0 >
go_plus 1 -> go_plus 1 >
go_plus + -> copyr + >
copyl 1 -> oc 3 <
copyl + -> mr + >
sr * -> right * >
right 0 -> right 0 >
right 1 -> right 1 >
right _ -> clear _ <
clear 0 -> clear _ <
clear 1 -> clear _ <
clear * -> clear _ <
clear _ -> ac 0 ^
clear + -> acheck _ <
acheck + -> subr + >
acheck _ -> ac _ >
acheck 0 -> acheck 0 <
acheck 1 -> acheck 1 <
subr 0 -> subr 0 >
subr 1 -> subr 1 >
subr _ -> subl _ <
subl 0 -> subl 1 <
subl 1 -> subl1 0 <
subl + -> right + >
subl1 0 -> subl1 0 <
subl1 1 -> subl1 1 <
subl1 + -> addl1 + <
addl1 0 -> addl1 0 <
addl1 1 -> addl1 1 <
addl1 + -> addl1 + <
addl1 _ -> addr _ >
addr 0 -> addr 0 >
addr 1 -> addr 1 >
addr + -> addr1 + <
addr1 0 -> go 1 >
addr1 1 -> addr1 0 <
addr1 _ -> go 1 >
go 0 -> go 0 >
go 1 -> go 1 >
go + -> go + >
go _ -> acheck _ <
